Matrix baselines: 48 cells × 500 seeds = 24000 total (18917 to run, 5083 already done)
Workers: 64, cores available: 256
Out: lumi/logs/matrix_baselines
[200/18917] ok=200 err=0 rate=1.2/s elapsed=2.9m eta=268.8m
[400/18917] ok=400 err=0 rate=1.4/s elapsed=4.7m eta=217.2m
[600/18917] ok=600 err=0 rate=1.5/s elapsed=6.5m eta=199.5m
[800/18917] ok=800 err=0 rate=1.6/s elapsed=8.3m eta=188.3m
[1000/18917] ok=1000 err=0 rate=1.7/s elapsed=9.5m eta=170.7m
[1200/18917] ok=1200 err=0 rate=1.9/s elapsed=10.5m eta=155.0m
[1400/18917] ok=1400 err=0 rate=1.6/s elapsed=14.7m eta=183.4m
[1600/18917] ok=1600 err=0 rate=1.5/s elapsed=18.3m eta=197.9m
[1800/18917] ok=1800 err=0 rate=1.4/s elapsed=22.0m eta=209.2m
[2000/18917] ok=2000 err=0 rate=1.3/s elapsed=25.7m eta=217.5m
[2200/18917] ok=2200 err=0 rate=1.2/s elapsed=29.5m eta=223.8m
[2400/18917] ok=2400 err=0 rate=1.3/s elapsed=31.3m eta=215.7m
[2600/18917] ok=2600 err=0 rate=1.3/s elapsed=32.6m eta=204.9m
[2800/18917] ok=2800 err=0 rate=1.2/s elapsed=39.3m eta=226.5m
[3000/18917] ok=3000 err=0 rate=1.1/s elapsed=45.0m eta=238.8m
[3200/18917] ok=3200 err=0 rate=1.0/s elapsed=50.8m eta=249.5m
[3400/18917] ok=3400 err=0 rate=1.0/s elapsed=56.5m eta=257.8m
[3600/18917] ok=3600 err=0 rate=1.0/s elapsed=62.2m eta=264.7m
  ERR dei_n70_roseuniform seed104: timeout
  ERR dei_n70_roseuniform seed105: timeout
  ERR dei_n70_roseuniform seed106: timeout
  ERR dei_n70_roseuniform seed107: timeout
  ERR dei_n70_roseuniform seed109: timeout
  ERR dei_n70_roseuniform seed111: timeout
[3800/18917] ok=3794 err=6 rate=0.9/s elapsed=69.0m eta=274.5m
  ERR dei_n70_roseuniform seed117: timeout
  ERR dei_n70_roseuniform seed119: timeout
  ERR dei_n70_roseuniform seed122: timeout
