xargs: warning: options --max-args and --replace/-I/-i are mutually exclusive, ignoring previous --max-args value
bash: line 2: lumi/logs/matrix_baselines/s/matrix/problem_dei_n30_roseuniform.json	dei_n30_roseuniform.log: No such file or directory
bash: line 2: lumi/logs/matrix_baselines/s/matrix/problem_dei_n30_roseomnidir.json	dei_n30_roseomnidir.log: No such file or directory
bash: line 2: lumi/logs/matrix_baselines/s/matrix/problem_dei_n30_rosedei.json	dei_n30_rosedei.log: No such file or directory
bash: line 2: lumi/logs/matrix_baselines/s/matrix/problem_dei_n30_roserowp.json	dei_n30_roserowp.log: No such file or directory
bash: line 2: lumi/logs/matrix_baselines/s/matrix/problem_dei_n40_roseuniform.json	dei_n40_roseuniform.log: No such file or directory
bash: line 2: lumi/logs/matrix_baselines/s/matrix/problem_dei_n40_roseomnidir.json	dei_n40_roseomnidir.log: No such file or directory
bash: line 2: lumi/logs/matrix_baselines/s/matrix/problem_dei_n40_rosedei.json	dei_n40_rosedei.log: No such file or directory
bash: line 2: lumi/logs/matrix_baselines/s/matrix/problem_dei_n40_roserowp.json	dei_n40_roserowp.log: No such file or directory
bash: line 2: lumi/logs/matrix_baselines/s/matrix/problem_dei_n50_roseuniform.json	dei_n50_roseuniform.log: No such file or directory
bash: line 2: lumi/logs/matrix_baselines/s/matrix/problem_dei_n50_roseomnidir.json	dei_n50_roseomnidir.log: No such file or directory
bash: line 2: lumi/logs/matrix_baselines/s/matrix/problem_dei_n50_rosedei.json	dei_n50_rosedei.log: No such file or directory
bash: line 2: lumi/logs/matrix_baselines/s/matrix/problem_dei_n50_roserowp.json	dei_n50_roserowp.log: No such file or directory
bash: line 2: lumi/logs/matrix_baselines/s/matrix/problem_dei_n60_roseuniform.json	dei_n60_roseuniform.log: No such file or directory
bash: line 2: lumi/logs/matrix_baselines/s/matrix/problem_dei_n60_roseomnidir.json	dei_n60_roseomnidir.log: No such file or directory
bash: line 2: lumi/logs/matrix_baselines/s/matrix/problem_dei_n60_rosedei.json	dei_n60_rosedei.log: No such file or directory
bash: line 2: lumi/logs/matrix_baselines/s/matrix/problem_dei_n60_roserowp.json	dei_n60_roserowp.log: No such file or directory
bash: line 2: lumi/logs/matrix_baselines/s/matrix/problem_dei_n70_roseuniform.json	dei_n70_roseuniform.log: No such file or directory
bash: line 2: lumi/logs/matrix_baselines/s/matrix/problem_dei_n70_roseomnidir.json	dei_n70_roseomnidir.log: No such file or directory
bash: line 2: lumi/logs/matrix_baselines/s/matrix/problem_dei_n70_rosedei.json	dei_n70_rosedei.log: No such file or directory
bash: line 2: lumi/logs/matrix_baselines/s/matrix/problem_dei_n70_roserowp.json	dei_n70_roserowp.log: No such file or directory
bash: line 2: lumi/logs/matrix_baselines/s/matrix/problem_dei_n80_roseuniform.json	dei_n80_roseuniform.log: No such file or directory
bash: line 2: lumi/logs/matrix_baselines/s/matrix/problem_dei_n80_roseomnidir.json	dei_n80_roseomnidir.log: No such file or directory
bash: line 2: lumi/logs/matrix_baselines/s/matrix/problem_dei_n80_rosedei.json	dei_n80_rosedei.log: No such file or directory
bash: line 2: lumi/logs/matrix_baselines/s/matrix/problem_dei_n80_roserowp.json	dei_n80_roserowp.log: No such file or directory
bash: line 2: lumi/logs/matrix_baselines/s/matrix/problem_rowp_n30_roseuniform.json	rowp_n30_roseuniform.log: No such file or directory
bash: line 2: lumi/logs/matrix_baselines/s/matrix/problem_rowp_n30_roseomnidir.json	rowp_n30_roseomnidir.log: No such file or directory
bash: line 2: lumi/logs/matrix_baselines/s/matrix/problem_rowp_n30_rosedei.json	rowp_n30_rosedei.log: No such file or directory
bash: line 2: lumi/logs/matrix_baselines/s/matrix/problem_rowp_n30_roserowp.json	rowp_n30_roserowp.log: No such file or directory
bash: line 2: lumi/logs/matrix_baselines/s/matrix/problem_rowp_n40_roseuniform.json	rowp_n40_roseuniform.log: No such file or directory
bash: line 2: lumi/logs/matrix_baselines/s/matrix/problem_rowp_n40_roseomnidir.json	rowp_n40_roseomnidir.log: No such file or directory
bash: line 2: lumi/logs/matrix_baselines/s/matrix/problem_rowp_n40_rosedei.json	rowp_n40_rosedei.log: No such file or directory
bash: line 2: lumi/logs/matrix_baselines/s/matrix/problem_rowp_n40_roserowp.json	rowp_n40_roserowp.log: No such file or directory
bash: line 2: lumi/logs/matrix_baselines/s/matrix/problem_rowp_n50_roseuniform.json	rowp_n50_roseuniform.log: No such file or directory
bash: line 2: lumi/logs/matrix_baselines/s/matrix/problem_rowp_n50_roseomnidir.json	rowp_n50_roseomnidir.log: No such file or directory
bash: line 2: lumi/logs/matrix_baselines/s/matrix/problem_rowp_n50_rosedei.json	rowp_n50_rosedei.log: No such file or directory
bash: line 2: lumi/logs/matrix_baselines/s/matrix/problem_rowp_n50_roserowp.json	rowp_n50_roserowp.log: No such file or directory
bash: line 2: lumi/logs/matrix_baselines/s/matrix/problem_rowp_n60_roseuniform.json	rowp_n60_roseuniform.log: No such file or directory
bash: line 2: lumi/logs/matrix_baselines/s/matrix/problem_rowp_n60_roseomnidir.json	rowp_n60_roseomnidir.log: No such file or directory
bash: line 2: lumi/logs/matrix_baselines/s/matrix/problem_rowp_n60_rosedei.json	rowp_n60_rosedei.log: No such file or directory
bash: line 2: lumi/logs/matrix_baselines/s/matrix/problem_rowp_n60_roserowp.json	rowp_n60_roserowp.log: No such file or directory
bash: line 2: lumi/logs/matrix_baselines/s/matrix/problem_rowp_n70_roseuniform.json	rowp_n70_roseuniform.log: No such file or directory
bash: line 2: lumi/logs/matrix_baselines/s/matrix/problem_rowp_n70_roseomnidir.json	rowp_n70_roseomnidir.log: No such file or directory
bash: line 2: lumi/logs/matrix_baselines/s/matrix/problem_rowp_n70_rosedei.json	rowp_n70_rosedei.log: No such file or directory
bash: line 2: lumi/logs/matrix_baselines/s/matrix/problem_rowp_n70_roserowp.json	rowp_n70_roserowp.log: No such file or directory
bash: line 2: lumi/logs/matrix_baselines/s/matrix/problem_rowp_n80_roseuniform.json	rowp_n80_roseuniform.log: No such file or directory
bash: line 2: lumi/logs/matrix_baselines/s/matrix/problem_rowp_n80_roseomnidir.json	rowp_n80_roseomnidir.log: No such file or directory
bash: line 2: lumi/logs/matrix_baselines/s/matrix/problem_rowp_n80_rosedei.json	rowp_n80_rosedei.log: No such file or directory
bash: line 2: lumi/logs/matrix_baselines/s/matrix/problem_rowp_n80_roserowp.json	rowp_n80_roserowp.log: No such file or directory
