[1/40] AEP=5528.2  feas=False  (83s)
[2/40] AEP=5534.9  feas=True  (45s)
[3/40] AEP=5552.3  feas=True  (44s)
[4/40] AEP=5577.9  feas=False  (43s)
[5/40] AEP=5555.2  feas=True  (44s)
[6/40] AEP=5546.3  feas=True  (43s)
[7/40] AEP=5293.1  feas=False  (46s)
[8/40] AEP=5523.3  feas=False  (45s)
[9/40] AEP=5559.0  feas=False  (44s)
[10/40] AEP=5531.2  feas=False  (44s)
[11/40] AEP=5540.6  feas=True  (44s)
[12/40] AEP=5560.6  feas=False  (43s)
[13/40] AEP=5558.7  feas=True  (43s)
[14/40] AEP=5537.4  feas=False  (44s)
[15/40] AEP=5545.7  feas=True  (44s)
[16/40] AEP=5549.1  feas=True  (45s)
[17/40] AEP=5531.9  feas=True  (45s)
[18/40] AEP=5550.1  feas=True  (44s)
[19/40] AEP=5533.9  feas=True  (45s)
[20/40] AEP=5542.7  feas=True  (45s)
[21/40] AEP=5560.9  feas=True  (44s)
[22/40] AEP=5561.7  feas=False  (44s)
[23/40] AEP=5563.3  feas=True  (44s)
[24/40] AEP=5544.2  feas=True  (45s)
[25/40] AEP=5536.6  feas=True  (45s)
[26/40] AEP=5533.7  feas=False  (45s)
[27/40] AEP=5526.8  feas=True  (45s)
[28/40] AEP=5554.2  feas=True  (45s)
[29/40] AEP=5536.8  feas=False  (45s)
[30/40] AEP=5536.9  feas=False  (45s)
[31/40] AEP=5562.5  feas=True  (45s)
[32/40] AEP=5561.4  feas=True  (44s)
[33/40] AEP=5579.8  feas=False  (42s)
[34/40] AEP=5543.8  feas=False  (44s)
[35/40] AEP=5579.4  feas=False  (42s)
[36/40] AEP=5562.8  feas=False  (44s)
[37/40] AEP=5555.5  feas=True  (45s)
[38/40] AEP=5530.0  feas=True  (46s)
[39/40] AEP=5558.6  feas=True  (44s)
[40/40] AEP=5561.6  feas=True  (43s)

=== SUMMARY ===
Total: 40, scored: 40, errors: 0
Best train: 5579.8 GWh
Best ROWP:  4287.1 GWh (its train=5579.8)
