[1/40] AEP=5526.8  feas=True  (83s)
[2/40] AEP=5532.8  feas=False  (45s)
[3/40] AEP=5536.3  feas=True  (45s)
[4/40] AEP=5564.9  feas=True  (44s)
[5/40] AEP=5539.7  feas=True  (44s)
[6/40] AEP=5546.9  feas=True  (44s)
[7/40] AEP=5545.4  feas=False  (43s)
[8/40] AEP=5536.6  feas=True  (45s)
[9/40] AEP=5552.6  feas=False  (43s)
[10/40] AEP=5536.5  feas=False  (43s)
[11/40] AEP=5531.5  feas=True  (44s)
[12/40] AEP=5548.8  feas=False  (44s)
[13/40] AEP=5531.9  feas=True  (45s)
[14/40] AEP=5538.3  feas=False  (45s)
[15/40] AEP=5560.4  feas=True  (43s)
[16/40] AEP=5528.0  feas=False  (46s)
[17/40] AEP=5557.9  feas=False  (45s)
[18/40] AEP=5557.3  feas=True  (44s)
[19/40] AEP=5559.8  feas=False  (44s)
[20/40] AEP=5529.0  feas=True  (46s)
[21/40] AEP=5541.8  feas=False  (44s)
[22/40] AEP=5530.2  feas=True  (46s)
[23/40] AEP=5541.5  feas=False  (45s)
[24/40] AEP=5538.9  feas=True  (45s)
[25/40] AEP=5552.7  feas=True  (44s)
[26/40] AEP=5547.3  feas=False  (45s)
[27/40] AEP=5565.7  feas=True  (44s)
[28/40] AEP=5553.2  feas=True  (45s)
[29/40] AEP=5532.4  feas=False  (45s)
[30/40] AEP=5547.6  feas=False  (45s)
[31/40] AEP=5541.3  feas=False  (45s)
[32/40] AEP=5560.0  feas=True  (44s)
[33/40] AEP=5530.1  feas=False  (45s)
[34/40] AEP=5542.8  feas=True  (45s)
[35/40] AEP=5555.8  feas=False  (44s)
[36/40] AEP=5543.1  feas=False  (45s)
[37/40] AEP=5558.8  feas=True  (44s)
[38/40] AEP=5560.1  feas=True  (44s)
[39/40] AEP=5534.2  feas=True  (45s)
[40/40] AEP=5534.3  feas=True  (45s)

=== SUMMARY ===
Total: 40, scored: 40, errors: 0
Best train: 5565.7 GWh
Best ROWP:  4269.1 GWh (its train=5555.8)
