[1/40] AEP=5545.7  feas=False  (83s)
[2/40] AEP=5553.8  feas=True  (44s)
[3/40] AEP=5542.3  feas=False  (44s)
[4/40] AEP=5555.1  feas=False  (44s)
[5/40] AEP=5527.3  feas=False  (45s)
[6/40] AEP=5575.6  feas=False  (42s)
[7/40] AEP=5397.3  feas=False  (46s)
[8/40] AEP=5532.0  feas=False  (44s)
[9/40] AEP=5557.4  feas=True  (43s)
[10/40] AEP=5543.9  feas=True  (44s)
[11/40] AEP=5544.4  feas=False  (44s)
[12/40] AEP=5542.6  feas=False  (44s)
[13/40] AEP=5528.4  feas=False  (44s)
[14/40] AEP=5562.2  feas=True  (44s)
[15/40] AEP=5533.0  feas=True  (44s)
[16/40] AEP=5531.4  feas=False  (46s)
[17/40] AEP=5541.7  feas=False  (45s)
[18/40] AEP=5565.7  feas=True  (44s)
[19/40] AEP=5562.5  feas=False  (44s)
[20/40] AEP=5556.9  feas=True  (44s)
[21/40] AEP=5551.0  feas=True  (45s)
[22/40] AEP=5552.3  feas=False  (45s)
[23/40] AEP=5529.5  feas=False  (45s)
[24/40] AEP=5558.0  feas=False  (45s)
[25/40] AEP=5533.3  feas=False  (45s)
[26/40] AEP=5541.9  feas=True  (45s)
[27/40] AEP=5533.6  feas=False  (45s)
[28/40] AEP=5546.5  feas=True  (44s)
[29/40] AEP=5536.0  feas=True  (45s)
[30/40] AEP=5536.0  feas=True  (45s)
[31/40] AEP=5550.2  feas=True  (45s)
[32/40] AEP=5532.3  feas=False  (46s)
[33/40] AEP=5544.0  feas=True  (45s)
[34/40] AEP=5544.9  feas=True  (44s)
[35/40] AEP=5540.8  feas=False  (44s)
[36/40] AEP=5558.5  feas=False  (44s)
[37/40] AEP=5529.0  feas=False  (46s)
[38/40] AEP=5529.2  feas=False  (45s)
[39/40] AEP=5532.4  feas=False  (45s)
[40/40] AEP=5534.3  feas=False  (45s)

=== SUMMARY ===
Total: 40, scored: 40, errors: 0
Best train: 5575.6 GWh
Best ROWP:  4267.6 GWh (its train=5558.0)
