[1/40] AEP=5562.2  feas=False  (83s)
[2/40] AEP=5530.8  feas=True  (45s)
[3/40] AEP=5561.3  feas=True  (44s)
[4/40] AEP=5476.3  feas=True  (44s)
[5/40] AEP=5559.5  feas=True  (43s)
[6/40] AEP=5528.9  feas=True  (45s)
[7/40] AEP=5527.8  feas=False  (44s)
[8/40] AEP=5555.1  feas=True  (44s)
[9/40] AEP=5549.0  feas=True  (44s)
[10/40] AEP=5542.5  feas=False  (44s)
[11/40] AEP=5527.4  feas=False  (45s)
[12/40] AEP=5527.6  feas=True  (45s)
[13/40] AEP=5558.6  feas=True  (44s)
[14/40] AEP=5529.8  feas=True  (45s)
[15/40] AEP=5561.9  feas=False  (43s)
[16/40] AEP=5530.5  feas=False  (45s)
[17/40] AEP=5551.0  feas=False  (44s)
[18/40] AEP=5549.2  feas=False  (44s)
[19/40] AEP=5537.0  feas=True  (45s)
[20/40] AEP=5539.8  feas=True  (45s)
[21/40] AEP=5535.7  feas=False  (45s)
[22/40] AEP=5423.0  feas=False  (46s)
[23/40] AEP=5534.2  feas=True  (45s)
[24/40] AEP=5553.9  feas=False  (45s)
[25/40] AEP=5531.5  feas=True  (44s)
[26/40] AEP=5543.7  feas=False  (45s)
[27/40] AEP=5532.2  feas=False  (46s)
[28/40] AEP=5543.9  feas=False  (46s)
[29/40] AEP=5552.1  feas=True  (45s)
[30/40] AEP=5532.8  feas=False  (46s)
[31/40] AEP=5561.8  feas=True  (44s)
[32/40] AEP=5556.7  feas=False  (44s)
[33/40] AEP=5538.8  feas=True  (45s)
[34/40] AEP=5557.1  feas=False  (44s)
[35/40] AEP=5545.0  feas=False  (45s)
[36/40] AEP=5547.4  feas=True  (45s)
[37/40] AEP=5545.1  feas=True  (45s)
[38/40] AEP=5529.5  feas=False  (46s)
[39/40] AEP=5543.4  feas=True  (45s)
[40/40] AEP=5552.0  feas=True  (44s)

=== SUMMARY ===
Total: 40, scored: 40, errors: 0
Best train: 5562.2 GWh
Best ROWP:  4272.1 GWh (its train=5561.9)
