[1/40] AEP=5533.0  feas=False  (83s)
[2/40] AEP=5530.9  feas=True  (45s)
[3/40] AEP=5547.6  feas=True  (44s)
[4/40] AEP=5535.1  feas=True  (45s)
[5/40] AEP=5559.5  feas=False  (43s)
[6/40] AEP=5532.0  feas=True  (44s)
[7/40] AEP=5431.8  feas=False  (43s)
[8/40] AEP=5541.4  feas=True  (44s)
[9/40] AEP=5528.8  feas=True  (45s)
[10/40] AEP=5538.6  feas=True  (44s)
[11/40] AEP=5554.4  feas=True  (44s)
[12/40] AEP=5554.1  feas=False  (44s)
[13/40] AEP=5532.2  feas=False  (44s)
[14/40] AEP=5540.8  feas=True  (45s)
[15/40] AEP=5501.1  feas=True  (45s)
[16/40] AEP=5539.1  feas=False  (44s)
[17/40] AEP=5558.9  feas=True  (44s)
[18/40] AEP=5536.2  feas=True  (45s)
[19/40] AEP=5561.9  feas=True  (44s)
[20/40] AEP=5541.4  feas=True  (46s)
[21/40] AEP=5531.7  feas=False  (45s)
[22/40] AEP=5527.4  feas=False  (46s)
[23/40] AEP=5563.7  feas=False  (44s)
[24/40] AEP=5560.4  feas=True  (44s)
[25/40] AEP=5562.7  feas=False  (44s)
[26/40] AEP=5528.6  feas=True  (46s)
[27/40] AEP=5552.6  feas=False  (45s)
[28/40] AEP=5562.5  feas=False  (44s)
[29/40] AEP=5565.0  feas=True  (44s)
[30/40] AEP=5529.7  feas=True  (47s)
[31/40] AEP=5541.8  feas=False  (45s)
[32/40] AEP=5529.8  feas=True  (45s)
[33/40] AEP=5543.8  feas=True  (44s)
[34/40] AEP=5526.6  feas=False  (46s)
[35/40] AEP=5541.3  feas=True  (45s)
[36/40] AEP=5557.9  feas=False  (44s)
[37/40] AEP=5532.8  feas=True  (45s)
[38/40] AEP=5536.9  feas=True  (45s)
[39/40] AEP=5544.3  feas=False  (44s)
[40/40] AEP=5536.9  feas=True  (45s)

=== SUMMARY ===
Total: 40, scored: 40, errors: 0
Best train: 5565.0 GWh
Best ROWP:  4269.3 GWh (its train=5565.0)
