[1/40] AEP=5526.8  feas=True  (83s)
[2/40] AEP=5537.4  feas=False  (45s)
[3/40] AEP=5555.6  feas=False  (43s)
[4/40] AEP=5535.5  feas=True  (45s)
[5/40] AEP=5530.3  feas=False  (45s)
[6/40] AEP=5533.4  feas=False  (45s)
[7/40] AEP=5529.6  feas=False  (44s)
[8/40] AEP=5562.9  feas=True  (43s)
[9/40] AEP=5530.7  feas=False  (44s)
[10/40] AEP=5577.6  feas=False  (43s)
[11/40] AEP=5529.2  feas=True  (45s)
[12/40] AEP=5539.4  feas=True  (44s)
[13/40] AEP=5540.0  feas=True  (44s)
[14/40] AEP=5549.4  feas=False  (43s)
[15/40] AEP=5555.1  feas=False  (42s)
[16/40] AEP=5531.2  feas=True  (46s)
[17/40] AEP=5557.1  feas=True  (44s)
[18/40] AEP=5541.6  feas=True  (45s)
[19/40] AEP=5545.0  feas=True  (45s)
[20/40] AEP=5561.8  feas=False  (44s)
[21/40] AEP=5541.4  feas=False  (45s)
[22/40] AEP=5536.9  feas=True  (45s)
[23/40] AEP=5545.2  feas=True  (44s)
[24/40] AEP=5540.3  feas=False  (44s)
[25/40] AEP=5547.4  feas=False  (44s)
[26/40] AEP=5555.2  feas=True  (44s)
[27/40] AEP=5534.6  feas=False  (45s)
[28/40] AEP=5550.6  feas=True  (45s)
[29/40] AEP=5561.2  feas=False  (44s)
[30/40] AEP=5547.5  feas=False  (45s)
[31/40] AEP=5533.9  feas=True  (44s)
[32/40] AEP=5543.0  feas=True  (45s)
[33/40] AEP=5531.8  feas=True  (45s)
[34/40] AEP=5526.9  feas=False  (46s)
[35/40] AEP=5543.2  feas=True  (44s)
[36/40] AEP=5536.2  feas=False  (43s)
[37/40] AEP=5530.6  feas=False  (45s)
[38/40] AEP=5552.9  feas=False  (44s)
[39/40] AEP=5541.5  feas=True  (45s)
[40/40] AEP=5559.3  feas=True  (44s)

=== SUMMARY ===
Total: 40, scored: 40, errors: 0
Best train: 5577.6 GWh
Best ROWP:  4292.8 GWh (its train=5577.6)
