[1/40] AEP=5541.2  feas=True  (83s)
[2/40] AEP=5530.9  feas=False  (45s)
[3/40] AEP=5536.7  feas=False  (45s)
[4/40] AEP=5538.0  feas=True  (43s)
[5/40] AEP=5486.8  feas=True  (44s)
[6/40] AEP=5555.2  feas=True  (43s)
[7/40] AEP=5532.7  feas=True  (44s)
[8/40] AEP=5534.9  feas=False  (44s)
[9/40] AEP=5545.2  feas=True  (43s)
[10/40] AEP=5559.8  feas=True  (44s)
[11/40] AEP=5526.0  feas=True  (45s)
[12/40] AEP=5527.5  feas=False  (45s)
[13/40] AEP=5549.7  feas=False  (43s)
[14/40] AEP=5529.6  feas=True  (45s)
[15/40] AEP=5549.7  feas=False  (44s)
[16/40] AEP=5553.2  feas=False  (45s)
[17/40] AEP=5553.2  feas=False  (44s)
[18/40] AEP=5560.8  feas=False  (44s)
[19/40] AEP=5550.1  feas=False  (44s)
[20/40] AEP=5545.5  feas=True  (45s)
[21/40] AEP=5560.1  feas=True  (44s)
[22/40] AEP=5530.9  feas=True  (45s)
[23/40] AEP=5542.6  feas=True  (45s)
[24/40] AEP=5552.7  feas=True  (45s)
[25/40] AEP=5530.9  feas=False  (45s)
[26/40] AEP=5259.7  feas=False  (46s)
[27/40] AEP=5388.2  feas=False  (46s)
[28/40] AEP=5536.3  feas=True  (44s)
[29/40] AEP=5545.6  feas=False  (44s)
[30/40] AEP=5563.9  feas=True  (43s)
[31/40] AEP=5526.7  feas=False  (46s)
[32/40] AEP=5561.3  feas=False  (44s)
[33/40] AEP=5537.9  feas=False  (45s)
[34/40] AEP=5561.1  feas=False  (44s)
[35/40] AEP=5529.9  feas=False  (45s)
[36/40] AEP=5533.1  feas=False  (45s)
[37/40] AEP=5532.6  feas=False  (46s)
[38/40] AEP=5556.1  feas=True  (45s)
[39/40] AEP=5397.9  feas=False  (45s)
[40/40] AEP=5531.0  feas=False  (45s)

=== SUMMARY ===
Total: 40, scored: 40, errors: 0
Best train: 5563.9 GWh
Best ROWP:  4267.6 GWh (its train=5559.8)
