[1/40] AEP=5555.4  feas=True  (83s)
[2/40] AEP=5536.9  feas=False  (45s)
[3/40] AEP=5549.7  feas=False  (43s)
[4/40] AEP=5561.8  feas=True  (43s)
[5/40] AEP=5538.6  feas=False  (44s)
[6/40] AEP=5564.8  feas=True  (44s)
[7/40] AEP=5557.4  feas=True  (43s)
[8/40] AEP=5561.8  feas=True  (44s)
[9/40] AEP=5524.3  feas=True  (45s)
[10/40] AEP=5526.6  feas=False  (45s)
[11/40] AEP=5544.3  feas=True  (44s)
[12/40] AEP=5538.9  feas=True  (44s)
[13/40] AEP=5527.0  feas=False  (45s)
[14/40] AEP=5560.6  feas=False  (43s)
[15/40] AEP=5534.2  feas=True  (44s)
[16/40] AEP=5548.7  feas=False  (44s)
[17/40] AEP=5563.0  feas=True  (44s)
[18/40] AEP=5544.4  feas=True  (45s)
[19/40] AEP=5533.6  feas=False  (45s)
[20/40] AEP=5561.9  feas=False  (44s)
[21/40] AEP=5566.2  feas=True  (44s)
[22/40] AEP=5542.1  feas=True  (45s)
[23/40] AEP=5557.6  feas=True  (44s)
[24/40] AEP=5551.1  feas=True  (44s)
[25/40] AEP=5550.0  feas=False  (44s)
[26/40] AEP=5555.2  feas=False  (44s)
[27/40] AEP=5552.8  feas=True  (45s)
[28/40] AEP=5531.3  feas=True  (46s)
[29/40] AEP=5531.6  feas=True  (45s)
[30/40] AEP=5538.7  feas=False  (45s)
[31/40] AEP=5550.1  feas=False  (44s)
[32/40] AEP=5532.4  feas=True  (46s)
[33/40] AEP=5549.5  feas=False  (45s)
[34/40] AEP=5541.0  feas=True  (45s)
[35/40] AEP=5555.1  feas=False  (45s)
[36/40] AEP=5537.7  feas=True  (45s)
[37/40] AEP=5556.6  feas=False  (45s)
[38/40] AEP=5546.0  feas=True  (45s)
[39/40] AEP=5542.3  feas=True  (45s)
[40/40] AEP=5557.1  feas=True  (44s)

=== SUMMARY ===
Total: 40, scored: 40, errors: 0
Best train: 5566.2 GWh
Best ROWP:  4269.5 GWh (its train=5551.1)
