
=== Starting at 23:45:33 ===
[dei_n40_roserowp] 500/500 seeds to run
[dei_n40_roserowp] problem loaded in 9.6s, inside candidates: 412, n_target=40

=== Starting at 23:55:45 ===
[dei_n40_roserowp] 463/500 seeds to run
[dei_n40_roserowp] problem loaded in 6.8s, inside candidates: 412, n_target=40
[dei_n40_roserowp] 50/463 done, rate=0.11/s, eta=3870s
E0416 00:08:09.285145  259091 execution_engine.cc:54] LLVM compilation error: Cannot allocate memory
E0416 00:08:09.285313  259091 execution_engine.cc:54] LLVM compilation error: Cannot allocate memory
E0416 00:08:09.285384  259091 execution_engine.cc:54] LLVM compilation error: Cannot allocate memory
E0416 00:08:09.285477  259091 execution_engine.cc:54] LLVM compilation error: Cannot allocate memory
E0416 00:08:09.285567  259091 execution_engine.cc:54] LLVM compilation error: Cannot allocate memory
E0416 00:08:09.285637  259091 execution_engine.cc:54] LLVM compilation error: Cannot allocate memory
E0416 00:08:09.285701  259091 execution_engine.cc:54] LLVM compilation error: Cannot allocate memory
E0416 00:08:09.285783  259091 execution_engine.cc:54] LLVM compilation error: Cannot allocate memory
E0416 00:08:09.285865  259091 execution_engine.cc:54] LLVM compilation error: Cannot allocate memory
E0416 00:08:09.285927  259091 execution_engine.cc:54] LLVM compilation error: Cannot allocate memory
E0416 00:08:09.285986  259091 execution_engine.cc:54] LLVM compilation error: Cannot allocate memory
E0416 00:08:09.286048  259091 execution_engine.cc:54] LLVM compilation error: Cannot allocate memory
E0416 00:08:09.286107  259091 execution_engine.cc:54] LLVM compilation error: Cannot allocate memory
E0416 00:08:09.286168  259091 execution_engine.cc:54] LLVM compilation error: Cannot allocate memory
E0416 00:08:09.286226  259091 execution_engine.cc:54] LLVM compilation error: Cannot allocate memory
E0416 00:08:09.286290  259091 execution_engine.cc:54] LLVM compilation error: Cannot allocate memory
E0416 00:08:09.286350  259091 execution_engine.cc:54] LLVM compilation error: Cannot allocate memory
E0416 00:08:09.286412  259091 execution_engine.cc:54] LLVM compilation error: Cannot allocate memory
E0416 00:08:09.286470  259091 execution_engine.cc:54] LLVM compilation error: Cannot allocate memory
E0416 00:08:09.286529  259091 execution_engine.cc:54] LLVM compilation error: Cannot allocate memory
E0416 00:08:09.286589  259091 execution_engine.cc:54] LLVM compilation error: Cannot allocate memory
E0416 00:08:09.286646  259091 execution_engine.cc:54] LLVM compilation error: Cannot allocate memory
E0416 00:08:09.286704  259091 execution_engine.cc:54] LLVM compilation error: Cannot allocate memory
E0416 00:08:09.286762  259091 execution_engine.cc:54] LLVM compilation error: Cannot allocate memory
E0416 00:08:09.286819  259091 execution_engine.cc:54] LLVM compilation error: Cannot allocate memory
E0416 00:08:09.286876  259091 execution_engine.cc:54] LLVM compilation error: Cannot allocate memory
E0416 00:08:09.286933  259091 execution_engine.cc:54] LLVM compilation error: Cannot allocate memory
E0416 00:08:09.287010  259091 execution_engine.cc:54] LLVM compilation error: Cannot allocate memory
E0416 00:08:09.287098  259091 execution_engine.cc:54] LLVM compilation error: Cannot allocate memory
E0416 00:08:09.287171  259091 execution_engine.cc:54] LLVM compilation error: Cannot allocate memory
E0416 00:08:09.287274  259091 execution_engine.cc:54] LLVM compilation error: Cannot allocate memory
E0416 00:08:09.287366  259091 execution_engine.cc:54] LLVM compilation error: Cannot allocate memory
E0416 00:08:09.287429  259091 execution_engine.cc:54] LLVM compilation error: Cannot allocate memory
E0416 00:08:09.287489  259091 execution_engine.cc:54] LLVM compilation error: Cannot allocate memory
E0416 00:08:09.287550  259091 execution_engine.cc:54] LLVM compilation error: Cannot allocate memory
E0416 00:08:09.287630  259091 execution_engine.cc:54] LLVM compilation error: Cannot allocate memory
E0416 00:08:09.287712  259091 execution_engine.cc:54] LLVM compilation error: Cannot allocate memory
E0416 00:08:09.287778  259091 execution_engine.cc:54] LLVM compilation error: Cannot allocate memory
E0416 00:08:09.287861  259091 execution_engine.cc:54] LLVM compilation error: Cannot allocate memory
E0416 00:08:09.287921  259091 execution_engine.cc:54] LLVM compilation error: Cannot allocate memory
E0416 00:08:09.287980  259091 execution_engine.cc:54] LLVM compilation error: Cannot allocate memory
E0416 00:08:09.288040  259091 execution_engine.cc:54] LLVM compilation error: Cannot allocate memory
E0416 00:08:09.288103  259091 execution_engine.cc:54] LLVM compilation error: Cannot allocate memory
E0416 00:08:09.288170  259091 execution_engine.cc:54] LLVM compilation error: Cannot allocate memory
E0416 00:08:09.288239  259091 execution_engine.cc:54] LLVM compilation error: Cannot allocate memory
E0416 00:08:09.288302  259091 execution_engine.cc:54] LLVM compilation error: Cannot allocate memory
E0416 00:08:09.288371  259091 execution_engine.cc:54] LLVM compilation error: Cannot allocate memory
E0416 00:08:09.288435  259091 execution_engine.cc:54] LLVM compilation error: Cannot allocate memory
E0416 00:08:09.288493  259091 execution_engine.cc:54] LLVM compilation error: Cannot allocate memory
E0416 00:08:09.288562  259091 execution_engine.cc:54] LLVM compilation error: Cannot allocate memory
E0416 00:08:09.288636  259091 execution_engine.cc:54] LLVM compilation error: Cannot allocate memory
E0416 00:08:09.288774  259091 execution_engine.cc:54] LLVM compilation error: Cannot allocate memory
/pfs/lustrep2/scratch/project_465002609/julian/funwake/.pixi/envs/default/lib/python3.13/site-packages/jax/_src/compiler.py:783: UserWarning: Error reading persistent compilation cache entry for 'jit_while': JaxRuntimeError: INTERNAL: Failed to materialize symbols: { (<xla_jit_dylib_0>, { select_divide_fusion.1 }) }
  warnings.warn(
E0416 00:08:09.921918    3154 execution_engine.cc:54] LLVM compilation error: Cannot allocate memory
E0416 00:08:09.921961    2692 execution_engine.cc:54] LLVM compilation error: Cannot allocate memory
E0416 00:08:09.922314    2705 execution_engine.cc:54] LLVM compilation error: Cannot allocate memory
E0416 00:08:09.922419    2893 execution_engine.cc:54] LLVM compilation error: Cannot allocate memory
E0416 00:08:09.923804    3100 execution_engine.cc:54] LLVM compilation error: Cannot allocate memory
E0416 00:08:09.923829    2875 execution_engine.cc:54] LLVM compilation error: Cannot allocate memory
E0416 00:08:09.925330    2692 execution_engine.cc:54] LLVM compilation error: Cannot allocate memory
E0416 00:08:09.925413    3070 execution_engine.cc:54] LLVM compilation error: Cannot allocate memory
E0416 00:08:09.925579    2747 execution_engine.cc:54] LLVM compilation error: Cannot allocate memory
E0416 00:08:09.925665    3008 execution_engine.cc:54] LLVM compilation error: Cannot allocate memory
E0416 00:08:09.926046    2732 execution_engine.cc:54] LLVM compilation error: Cannot allocate memory
E0416 00:08:09.926114    3024 execution_engine.cc:54] LLVM compilation error: Cannot allocate memory
E0416 00:08:09.926252    2942 execution_engine.cc:54] LLVM compilation error: Cannot allocate memory
E0416 00:08:09.926654    3054 execution_engine.cc:54] LLVM compilation error: Cannot allocate memory
E0416 00:08:09.926627    3039 execution_engine.cc:54] LLVM compilation error: Cannot allocate memory
E0416 00:08:09.926923    2855 execution_engine.cc:54] LLVM compilation error: Cannot allocate memory
E0416 00:08:09.928023    3140 execution_engine.cc:54] LLVM compilation error: Cannot allocate memory
E0416 00:08:09.928142    3115 execution_engine.cc:54] LLVM compilation error: Cannot allocate memory
E0416 00:08:09.928359    3081 execution_engine.cc:54] LLVM compilation error: Cannot allocate memory
E0416 00:08:09.928514    2926 execution_engine.cc:54] LLVM compilation error: Cannot allocate memory
E0416 00:08:09.929134    2808 execution_engine.cc:54] LLVM compilation error: Cannot allocate memory
E0416 00:08:09.929350    2960 execution_engine.cc:54] LLVM compilation error: Cannot allocate memory
E0416 00:08:09.929606    2682 execution_engine.cc:54] LLVM compilation error: Cannot allocate memory
E0416 00:08:09.930866    2990 execution_engine.cc:54] LLVM compilation error: Cannot allocate memory
E0416 00:08:09.931000    2761 execution_engine.cc:54] LLVM compilation error: Cannot allocate memory
E0416 00:08:09.931963    3115 execution_engine.cc:54] LLVM compilation error: Cannot allocate memory
E0416 00:08:09.932388    3070 execution_engine.cc:54] LLVM compilation error: Cannot allocate memory
E0416 00:08:09.932905    2838 execution_engine.cc:54] LLVM compilation error: Cannot allocate memory
E0416 00:08:09.933212    3081 execution_engine.cc:54] LLVM compilation error: Cannot allocate memory
E0416 00:08:09.933360    2823 execution_engine.cc:54] LLVM compilation error: Cannot allocate memory
E0416 00:08:09.933540    2893 execution_engine.cc:54] LLVM compilation error: Cannot allocate memory
E0416 00:08:09.933955    2793 execution_engine.cc:54] LLVM compilation error: Cannot allocate memory
E0416 00:08:09.934696    3127 execution_engine.cc:54] LLVM compilation error: Cannot allocate memory
E0416 00:08:09.935103    2776 execution_engine.cc:54] LLVM compilation error: Cannot allocate memory
E0416 00:08:09.935847    2975 execution_engine.cc:54] LLVM compilation error: Cannot allocate memory
E0416 00:08:09.936077    2975 execution_engine.cc:54] LLVM compilation error: Cannot allocate memory
E0416 00:08:09.936154    3008 execution_engine.cc:54] LLVM compilation error: Cannot allocate memory
E0416 00:08:09.936850    2732 execution_engine.cc:54] LLVM compilation error: Cannot allocate memory
E0416 00:08:09.938281    2855 execution_engine.cc:54] LLVM compilation error: Cannot allocate memory
E0416 00:08:09.938963    2747 execution_engine.cc:54] LLVM compilation error: Cannot allocate memory
E0416 00:08:09.939420    3024 execution_engine.cc:54] LLVM compilation error: Cannot allocate memory
E0416 00:08:09.941401    3054 execution_engine.cc:54] LLVM compilation error: Cannot allocate memory
E0416 00:08:09.941892    3039 execution_engine.cc:54] LLVM compilation error: Cannot allocate memory
E0416 00:08:09.942721    3140 execution_engine.cc:54] LLVM compilation error: Cannot allocate memory
E0416 00:08:09.943404    2875 execution_engine.cc:54] LLVM compilation error: Cannot allocate memory
E0416 00:08:09.944502    2942 execution_engine.cc:54] LLVM compilation error: Cannot allocate memory
E0416 00:08:09.944765    2692 execution_engine.cc:54] LLVM compilation error: Cannot allocate memory
E0416 00:08:09.944938    2910 execution_engine.cc:54] LLVM compilation error: Cannot allocate memory
E0416 00:08:09.945101    3154 execution_engine.cc:54] LLVM compilation error: Cannot allocate memory
E0416 00:08:09.946021    2705 execution_engine.cc:54] LLVM compilation error: Cannot allocate memory
E0416 00:08:09.954680    3100 execution_engine.cc:54] LLVM compilation error: Cannot allocate memory
E0416 00:08:09.965015    2718 execution_engine.cc:54] LLVM compilation error: Cannot allocate memory
E0416 00:08:10.460840  259091 execution_engine.cc:54] LLVM compilation error: Cannot allocate memory
E0416 00:08:10.460999  259091 execution_engine.cc:54] LLVM compilation error: Cannot allocate memory
E0416 00:08:10.461092  259091 execution_engine.cc:54] LLVM compilation error: Cannot allocate memory
/pfs/lustrep2/scratch/project_465002609/julian/funwake/.pixi/envs/default/lib/python3.13/site-packages/jax/_src/compiler.py:783: UserWarning: Error reading persistent compilation cache entry for 'jit_scan': JaxRuntimeError: INTERNAL: Failed to materialize symbols: { (<xla_jit_dylib_0>, { wrapped_reduce-window.5 }) }
  warnings.warn(
E0416 00:08:10.746998    3081 execution_engine.cc:54] LLVM compilation error: Cannot allocate memory
E0416 00:08:10.747433    3008 execution_engine.cc:54] LLVM compilation error: Cannot allocate memory
E0416 00:08:10.748012    2838 execution_engine.cc:54] LLVM compilation error: Cannot allocate memory
E0416 00:08:11.227356  259091 execution_engine.cc:54] LLVM compilation error: Cannot allocate memory
E0416 00:08:11.227502  259091 execution_engine.cc:54] LLVM compilation error: Cannot allocate memory
E0416 00:08:11.227650  259091 execution_engine.cc:54] LLVM compilation error: Cannot allocate memory
E0416 00:08:11.227729  259091 execution_engine.cc:54] LLVM compilation error: Cannot allocate memory
E0416 00:08:11.227798  259091 execution_engine.cc:54] LLVM compilation error: Cannot allocate memory
E0416 00:08:11.227868  259091 execution_engine.cc:54] LLVM compilation error: Cannot allocate memory
E0416 00:08:11.227932  259091 execution_engine.cc:54] LLVM compilation error: Cannot allocate memory
E0416 00:08:11.227998  259091 execution_engine.cc:54] LLVM compilation error: Cannot allocate memory
E0416 00:08:11.228081  259091 execution_engine.cc:54] LLVM compilation error: Cannot allocate memory
E0416 00:08:11.228147  259091 execution_engine.cc:54] LLVM compilation error: Cannot allocate memory
E0416 00:08:11.228206  259091 execution_engine.cc:54] LLVM compilation error: Cannot allocate memory
E0416 00:08:11.228266  259091 execution_engine.cc:54] LLVM compilation error: Cannot allocate memory
E0416 00:08:11.228327  259091 execution_engine.cc:54] LLVM compilation error: Cannot allocate memory
E0416 00:08:11.228393  259091 execution_engine.cc:54] LLVM compilation error: Cannot allocate memory
E0416 00:08:11.228464  259091 execution_engine.cc:54] LLVM compilation error: Cannot allocate memory
E0416 00:08:11.228525  259091 execution_engine.cc:54] LLVM compilation error: Cannot allocate memory
E0416 00:08:11.228591  259091 execution_engine.cc:54] LLVM compilation error: Cannot allocate memory
E0416 00:08:11.228669  259091 execution_engine.cc:54] LLVM compilation error: Cannot allocate memory
E0416 00:08:11.228736  259091 execution_engine.cc:54] LLVM compilation error: Cannot allocate memory
E0416 00:08:11.228799  259091 execution_engine.cc:54] LLVM compilation error: Cannot allocate memory
E0416 00:08:11.228863  259091 execution_engine.cc:54] LLVM compilation error: Cannot allocate memory
E0416 00:08:11.228927  259091 execution_engine.cc:54] LLVM compilation error: Cannot allocate memory
E0416 00:08:11.228989  259091 execution_engine.cc:54] LLVM compilation error: Cannot allocate memory
E0416 00:08:11.229051  259091 execution_engine.cc:54] LLVM compilation error: Cannot allocate memory
E0416 00:08:11.229113  259091 execution_engine.cc:54] LLVM compilation error: Cannot allocate memory
E0416 00:08:11.229171  259091 execution_engine.cc:54] LLVM compilation error: Cannot allocate memory
E0416 00:08:11.229232  259091 execution_engine.cc:54] LLVM compilation error: Cannot allocate memory
E0416 00:08:11.229291  259091 execution_engine.cc:54] LLVM compilation error: Cannot allocate memory
E0416 00:08:11.229360  259091 execution_engine.cc:54] LLVM compilation error: Cannot allocate memory
E0416 00:08:11.229443  259091 execution_engine.cc:54] LLVM compilation error: Cannot allocate memory
E0416 00:08:11.229525  259091 execution_engine.cc:54] LLVM compilation error: Cannot allocate memory
E0416 00:08:11.229620  259091 execution_engine.cc:54] LLVM compilation error: Cannot allocate memory
E0416 00:08:11.229726  259091 execution_engine.cc:54] LLVM compilation error: Cannot allocate memory
E0416 00:08:11.229788  259091 execution_engine.cc:54] LLVM compilation error: Cannot allocate memory
E0416 00:08:11.229848  259091 execution_engine.cc:54] LLVM compilation error: Cannot allocate memory
E0416 00:08:11.229906  259091 execution_engine.cc:54] LLVM compilation error: Cannot allocate memory
E0416 00:08:11.229964  259091 execution_engine.cc:54] LLVM compilation error: Cannot allocate memory
E0416 00:08:11.230027  259091 execution_engine.cc:54] LLVM compilation error: Cannot allocate memory
E0416 00:08:11.230094  259091 execution_engine.cc:54] LLVM compilation error: Cannot allocate memory
/pfs/lustrep2/scratch/project_465002609/julian/funwake/.pixi/envs/default/lib/python3.13/site-packages/jax/_src/compiler.py:783: UserWarning: Error reading persistent compilation cache entry for 'jit_scan': JaxRuntimeError: INTERNAL: Failed to materialize symbols: { (<xla_jit_dylib_0>, { broadcast_select_fusion }) }
  warnings.warn(
E0416 00:08:11.504863    3039 execution_engine.cc:54] LLVM compilation error: Cannot allocate memory
E0416 00:08:11.506288    2926 execution_engine.cc:54] LLVM compilation error: Cannot allocate memory
E0416 00:08:11.506586    2942 execution_engine.cc:54] LLVM compilation error: Cannot allocate memory
E0416 00:08:11.506854    3115 execution_engine.cc:54] LLVM compilation error: Cannot allocate memory
E0416 00:08:11.507762    2732 execution_engine.cc:54] LLVM compilation error: Cannot allocate memory
E0416 00:08:11.507958    3024 execution_engine.cc:54] LLVM compilation error: Cannot allocate memory
E0416 00:08:11.508330    2875 execution_engine.cc:54] LLVM compilation error: Cannot allocate memory
E0416 00:08:11.508617    2705 execution_engine.cc:54] LLVM compilation error: Cannot allocate memory
E0416 00:08:11.508868    2893 execution_engine.cc:54] LLVM compilation error: Cannot allocate memory
E0416 00:08:11.509011    3154 execution_engine.cc:54] LLVM compilation error: Cannot allocate memory
E0416 00:08:11.509160    2823 execution_engine.cc:54] LLVM compilation error: Cannot allocate memory
E0416 00:08:11.509206    3140 execution_engine.cc:54] LLVM compilation error: Cannot allocate memory
E0416 00:08:11.509403    2910 execution_engine.cc:54] LLVM compilation error: Cannot allocate memory
E0416 00:08:11.509880    2975 execution_engine.cc:54] LLVM compilation error: Cannot allocate memory
E0416 00:08:11.510682    3081 execution_engine.cc:54] LLVM compilation error: Cannot allocate memory
E0416 00:08:11.510969    2692 execution_engine.cc:54] LLVM compilation error: Cannot allocate memory
E0416 00:08:11.511036    2960 execution_engine.cc:54] LLVM compilation error: Cannot allocate memory
E0416 00:08:11.511213    2838 execution_engine.cc:54] LLVM compilation error: Cannot allocate memory
E0416 00:08:11.511510    2990 execution_engine.cc:54] LLVM compilation error: Cannot allocate memory
E0416 00:08:11.511898    3070 execution_engine.cc:54] LLVM compilation error: Cannot allocate memory
E0416 00:08:11.512315    2855 execution_engine.cc:54] LLVM compilation error: Cannot allocate memory
E0416 00:08:11.512454    3100 execution_engine.cc:54] LLVM compilation error: Cannot allocate memory
E0416 00:08:11.512825    2793 execution_engine.cc:54] LLVM compilation error: Cannot allocate memory
E0416 00:08:11.513243    3008 execution_engine.cc:54] LLVM compilation error: Cannot allocate memory
E0416 00:08:11.513424    2808 execution_engine.cc:54] LLVM compilation error: Cannot allocate memory
E0416 00:08:11.513705    2776 execution_engine.cc:54] LLVM compilation error: Cannot allocate memory
E0416 00:08:11.514585    3039 execution_engine.cc:54] LLVM compilation error: Cannot allocate memory
E0416 00:08:11.514967    2732 execution_engine.cc:54] LLVM compilation error: Cannot allocate memory
E0416 00:08:11.516709    3054 execution_engine.cc:54] LLVM compilation error: Cannot allocate memory
E0416 00:08:11.519086    2747 execution_engine.cc:54] LLVM compilation error: Cannot allocate memory
E0416 00:08:11.521458    2942 execution_engine.cc:54] LLVM compilation error: Cannot allocate memory
E0416 00:08:11.521828    3115 execution_engine.cc:54] LLVM compilation error: Cannot allocate memory
E0416 00:08:11.523382    3127 execution_engine.cc:54] LLVM compilation error: Cannot allocate memory
E0416 00:08:11.523535    3024 execution_engine.cc:54] LLVM compilation error: Cannot allocate memory
E0416 00:08:11.523751    2761 execution_engine.cc:54] LLVM compilation error: Cannot allocate memory
E0416 00:08:11.525080    2926 execution_engine.cc:54] LLVM compilation error: Cannot allocate memory
E0416 00:08:11.528200    2682 execution_engine.cc:54] LLVM compilation error: Cannot allocate memory
E0416 00:08:11.531311    2875 execution_engine.cc:54] LLVM compilation error: Cannot allocate memory
E0416 00:08:11.542739    2718 execution_engine.cc:54] LLVM compilation error: Cannot allocate memory
E0416 00:08:11.790839  259091 execution_engine.cc:54] LLVM compilation error: Cannot allocate memory
E0416 00:08:11.790940  259091 execution_engine.cc:54] LLVM compilation error: Cannot allocate memory
E0416 00:08:11.791026  259091 execution_engine.cc:54] LLVM compilation error: Cannot allocate memory
E0416 00:08:11.791091  259091 execution_engine.cc:54] LLVM compilation error: Cannot allocate memory
E0416 00:08:11.791174  259091 execution_engine.cc:54] LLVM compilation error: Cannot allocate memory
E0416 00:08:11.791261  259091 execution_engine.cc:54] LLVM compilation error: Cannot allocate memory
E0416 00:08:11.791324  259091 execution_engine.cc:54] LLVM compilation error: Cannot allocate memory
E0416 00:08:11.791398  259091 execution_engine.cc:54] LLVM compilation error: Cannot allocate memory
E0416 00:08:11.791480  259091 execution_engine.cc:54] LLVM compilation error: Cannot allocate memory
E0416 00:08:11.791541  259091 execution_engine.cc:54] LLVM compilation error: Cannot allocate memory
E0416 00:08:11.791602  259091 execution_engine.cc:54] LLVM compilation error: Cannot allocate memory
E0416 00:08:11.791660  259091 execution_engine.cc:54] LLVM compilation error: Cannot allocate memory
E0416 00:08:11.791718  259091 execution_engine.cc:54] LLVM compilation error: Cannot allocate memory
E0416 00:08:11.791775  259091 execution_engine.cc:54] LLVM compilation error: Cannot allocate memory
E0416 00:08:11.791837  259091 execution_engine.cc:54] LLVM compilation error: Cannot allocate memory
E0416 00:08:11.791895  259091 execution_engine.cc:54] LLVM compilation error: Cannot allocate memory
E0416 00:08:11.791954  259091 execution_engine.cc:54] LLVM compilation error: Cannot allocate memory
/pfs/lustrep2/scratch/project_465002609/julian/funwake/.pixi/envs/default/lib/python3.13/site-packages/jax/_src/compiler.py:783: UserWarning: Error reading persistent compilation cache entry for 'jit_scan': JaxRuntimeError: INTERNAL: Failed to materialize symbols: { (<xla_jit_dylib_0>, { multiply_bitcast_fusion }) }
  warnings.warn(
E0416 00:08:11.957388    2960 execution_engine.cc:54] LLVM compilation error: Cannot allocate memory
E0416 00:08:11.957613    3081 execution_engine.cc:54] LLVM compilation error: Cannot allocate memory
E0416 00:08:11.957624    2705 execution_engine.cc:54] LLVM compilation error: Cannot allocate memory
E0416 00:08:11.958524    2942 execution_engine.cc:54] LLVM compilation error: Cannot allocate memory
E0416 00:08:11.959774    3024 execution_engine.cc:54] LLVM compilation error: Cannot allocate memory
E0416 00:08:11.960536    2875 execution_engine.cc:54] LLVM compilation error: Cannot allocate memory
E0416 00:08:11.961466    2718 execution_engine.cc:54] LLVM compilation error: Cannot allocate memory
E0416 00:08:11.961639    2855 execution_engine.cc:54] LLVM compilation error: Cannot allocate memory
E0416 00:08:11.962556    3115 execution_engine.cc:54] LLVM compilation error: Cannot allocate memory
E0416 00:08:11.963667    2838 execution_engine.cc:54] LLVM compilation error: Cannot allocate memory
E0416 00:08:11.963787    3039 execution_engine.cc:54] LLVM compilation error: Cannot allocate memory
E0416 00:08:11.964289    3100 execution_engine.cc:54] LLVM compilation error: Cannot allocate memory
E0416 00:08:11.964645    2910 execution_engine.cc:54] LLVM compilation error: Cannot allocate memory
E0416 00:08:11.967052    3054 execution_engine.cc:54] LLVM compilation error: Cannot allocate memory
E0416 00:08:11.971615    2893 execution_engine.cc:54] LLVM compilation error: Cannot allocate memory
E0416 00:08:11.973901    2975 execution_engine.cc:54] LLVM compilation error: Cannot allocate memory
E0416 00:08:11.977670    3127 execution_engine.cc:54] LLVM compilation error: Cannot allocate memory
E0416 00:08:12.222715  259091 execution_engine.cc:54] LLVM compilation error: Cannot allocate memory
E0416 00:08:12.222901  259091 execution_engine.cc:54] LLVM compilation error: Cannot allocate memory
E0416 00:08:12.222977  259091 execution_engine.cc:54] LLVM compilation error: Cannot allocate memory
E0416 00:08:12.223064  259091 execution_engine.cc:54] LLVM compilation error: Cannot allocate memory
E0416 00:08:12.223152  259091 execution_engine.cc:54] LLVM compilation error: Cannot allocate memory
E0416 00:08:12.223262  259091 execution_engine.cc:54] LLVM compilation error: Cannot allocate memory
E0416 00:08:12.223327  259091 execution_engine.cc:54] LLVM compilation error: Cannot allocate memory
E0416 00:08:12.223387  259091 execution_engine.cc:54] LLVM compilation error: Cannot allocate memory
E0416 00:08:12.223447  259091 execution_engine.cc:54] LLVM compilation error: Cannot allocate memory
E0416 00:08:12.223507  259091 execution_engine.cc:54] LLVM compilation error: Cannot allocate memory
E0416 00:08:12.223568  259091 execution_engine.cc:54] LLVM compilation error: Cannot allocate memory
E0416 00:08:12.223626  259091 execution_engine.cc:54] LLVM compilation error: Cannot allocate memory
E0416 00:08:12.223685  259091 execution_engine.cc:54] LLVM compilation error: Cannot allocate memory
E0416 00:08:12.223743  259091 execution_engine.cc:54] LLVM compilation error: Cannot allocate memory
E0416 00:08:12.223806  259091 execution_engine.cc:54] LLVM compilation error: Cannot allocate memory
E0416 00:08:12.223865  259091 execution_engine.cc:54] LLVM compilation error: Cannot allocate memory
E0416 00:08:12.223945  259091 execution_engine.cc:54] LLVM compilation error: Cannot allocate memory
E0416 00:08:12.396074    2910 execution_engine.cc:54] LLVM compilation error: Cannot allocate memory
E0416 00:08:12.397119    2975 execution_engine.cc:54] LLVM compilation error: Cannot allocate memory
E0416 00:08:12.397937    2960 execution_engine.cc:54] LLVM compilation error: Cannot allocate memory
E0416 00:08:12.398324    3127 execution_engine.cc:54] LLVM compilation error: Cannot allocate memory
E0416 00:08:12.398791    3039 execution_engine.cc:54] LLVM compilation error: Cannot allocate memory
E0416 00:08:12.398987    2823 execution_engine.cc:54] LLVM compilation error: Cannot allocate memory
E0416 00:08:12.402567    3115 execution_engine.cc:54] LLVM compilation error: Cannot allocate memory
E0416 00:08:12.403349    2855 execution_engine.cc:54] LLVM compilation error: Cannot allocate memory
E0416 00:08:12.403485    2761 execution_engine.cc:54] LLVM compilation error: Cannot allocate memory
E0416 00:08:12.403793    2705 execution_engine.cc:54] LLVM compilation error: Cannot allocate memory
E0416 00:08:12.404037    2808 execution_engine.cc:54] LLVM compilation error: Cannot allocate memory
E0416 00:08:12.405788    3140 execution_engine.cc:54] LLVM compilation error: Cannot allocate memory
E0416 00:08:12.406785    2747 execution_engine.cc:54] LLVM compilation error: Cannot allocate memory
E0416 00:08:12.410786    2875 execution_engine.cc:54] LLVM compilation error: Cannot allocate memory
E0416 00:08:12.412933    3100 execution_engine.cc:54] LLVM compilation error: Cannot allocate memory
E0416 00:08:12.413100    2692 execution_engine.cc:54] LLVM compilation error: Cannot allocate memory
E0416 00:08:12.424534    3008 execution_engine.cc:54] LLVM compilation error: Cannot allocate memory
E0416 00:08:12.666769  259091 execution_engine.cc:54] LLVM compilation error: Cannot allocate memory
E0416 00:08:12.666890  259091 execution_engine.cc:54] LLVM compilation error: Cannot allocate memory
E0416 00:08:12.666960  259091 execution_engine.cc:54] LLVM compilation error: Cannot allocate memory
E0416 00:08:12.667026  259091 execution_engine.cc:54] LLVM compilation error: Cannot allocate memory
E0416 00:08:12.667111  259091 execution_engine.cc:54] LLVM compilation error: Cannot allocate memory
E0416 00:08:12.667198  259091 execution_engine.cc:54] LLVM compilation error: Cannot allocate memory
E0416 00:08:12.667262  259091 execution_engine.cc:54] LLVM compilation error: Cannot allocate memory
E0416 00:08:12.667321  259091 execution_engine.cc:54] LLVM compilation error: Cannot allocate memory
E0416 00:08:12.667380  259091 execution_engine.cc:54] LLVM compilation error: Cannot allocate memory
E0416 00:08:12.667439  259091 execution_engine.cc:54] LLVM compilation error: Cannot allocate memory
E0416 00:08:12.667499  259091 execution_engine.cc:54] LLVM compilation error: Cannot allocate memory
E0416 00:08:12.667558  259091 execution_engine.cc:54] LLVM compilation error: Cannot allocate memory
E0416 00:08:12.667638  259091 execution_engine.cc:54] LLVM compilation error: Cannot allocate memory
E0416 00:08:12.667699  259091 execution_engine.cc:54] LLVM compilation error: Cannot allocate memory
E0416 00:08:12.667763  259091 execution_engine.cc:54] LLVM compilation error: Cannot allocate memory
E0416 00:08:12.667822  259091 execution_engine.cc:54] LLVM compilation error: Cannot allocate memory
E0416 00:08:12.667882  259091 execution_engine.cc:54] LLVM compilation error: Cannot allocate memory
E0416 00:08:12.836767    2776 execution_engine.cc:54] LLVM compilation error: Cannot allocate memory
E0416 00:08:12.837074    2942 execution_engine.cc:54] LLVM compilation error: Cannot allocate memory
E0416 00:08:12.837754    3024 execution_engine.cc:54] LLVM compilation error: Cannot allocate memory
E0416 00:08:12.837820    2975 execution_engine.cc:54] LLVM compilation error: Cannot allocate memory
E0416 00:08:12.838212    3140 execution_engine.cc:54] LLVM compilation error: Cannot allocate memory
E0416 00:08:12.838281    3039 execution_engine.cc:54] LLVM compilation error: Cannot allocate memory
E0416 00:08:12.838747    2718 execution_engine.cc:54] LLVM compilation error: Cannot allocate memory
E0416 00:08:12.839512    2808 execution_engine.cc:54] LLVM compilation error: Cannot allocate memory
E0416 00:08:12.842433    2960 execution_engine.cc:54] LLVM compilation error: Cannot allocate memory
E0416 00:08:12.842520    2926 execution_engine.cc:54] LLVM compilation error: Cannot allocate memory
E0416 00:08:12.842693    2692 execution_engine.cc:54] LLVM compilation error: Cannot allocate memory
E0416 00:08:12.843826    2910 execution_engine.cc:54] LLVM compilation error: Cannot allocate memory
E0416 00:08:12.844970    2732 execution_engine.cc:54] LLVM compilation error: Cannot allocate memory
E0416 00:08:12.846101    2761 execution_engine.cc:54] LLVM compilation error: Cannot allocate memory
E0416 00:08:12.846959    2682 execution_engine.cc:54] LLVM compilation error: Cannot allocate memory
E0416 00:08:12.848139    2855 execution_engine.cc:54] LLVM compilation error: Cannot allocate memory
E0416 00:08:12.849446    3054 execution_engine.cc:54] LLVM compilation error: Cannot allocate memory
E0416 00:08:13.099685  259091 execution_engine.cc:54] LLVM compilation error: Cannot allocate memory
E0416 00:08:13.099853  259091 execution_engine.cc:54] LLVM compilation error: Cannot allocate memory
E0416 00:08:13.099953  259091 execution_engine.cc:54] LLVM compilation error: Cannot allocate memory
E0416 00:08:13.100048  259091 execution_engine.cc:54] LLVM compilation error: Cannot allocate memory
E0416 00:08:13.100183  259091 execution_engine.cc:54] LLVM compilation error: Cannot allocate memory
E0416 00:08:13.100318  259091 execution_engine.cc:54] LLVM compilation error: Cannot allocate memory
E0416 00:08:13.100409  259091 execution_engine.cc:54] LLVM compilation error: Cannot allocate memory
E0416 00:08:13.100496  259091 execution_engine.cc:54] LLVM compilation error: Cannot allocate memory
E0416 00:08:13.100578  259091 execution_engine.cc:54] LLVM compilation error: Cannot allocate memory
E0416 00:08:13.100673  259091 execution_engine.cc:54] LLVM compilation error: Cannot allocate memory
E0416 00:08:13.100746  259091 execution_engine.cc:54] LLVM compilation error: Cannot allocate memory
E0416 00:08:13.100825  259091 execution_engine.cc:54] LLVM compilation error: Cannot allocate memory
E0416 00:08:13.100901  259091 execution_engine.cc:54] LLVM compilation error: Cannot allocate memory
E0416 00:08:13.100974  259091 execution_engine.cc:54] LLVM compilation error: Cannot allocate memory
E0416 00:08:13.101057  259091 execution_engine.cc:54] LLVM compilation error: Cannot allocate memory
E0416 00:08:13.101133  259091 execution_engine.cc:54] LLVM compilation error: Cannot allocate memory
E0416 00:08:13.101209  259091 execution_engine.cc:54] LLVM compilation error: Cannot allocate memory
E0416 00:08:13.275202    3081 execution_engine.cc:54] LLVM compilation error: Cannot allocate memory
E0416 00:08:13.275310    2793 execution_engine.cc:54] LLVM compilation error: Cannot allocate memory
E0416 00:08:13.276473    2705 execution_engine.cc:54] LLVM compilation error: Cannot allocate memory
E0416 00:08:13.276742    2808 execution_engine.cc:54] LLVM compilation error: Cannot allocate memory
E0416 00:08:13.276771    2761 execution_engine.cc:54] LLVM compilation error: Cannot allocate memory
E0416 00:08:13.280837    3054 execution_engine.cc:54] LLVM compilation error: Cannot allocate memory
E0416 00:08:13.282763    2893 execution_engine.cc:54] LLVM compilation error: Cannot allocate memory
E0416 00:08:13.282983    2910 execution_engine.cc:54] LLVM compilation error: Cannot allocate memory
E0416 00:08:13.283512    2823 execution_engine.cc:54] LLVM compilation error: Cannot allocate memory
E0416 00:08:13.284521    3100 execution_engine.cc:54] LLVM compilation error: Cannot allocate memory
E0416 00:08:13.285435    3070 execution_engine.cc:54] LLVM compilation error: Cannot allocate memory
E0416 00:08:13.285820    2926 execution_engine.cc:54] LLVM compilation error: Cannot allocate memory
E0416 00:08:13.285826    2718 execution_engine.cc:54] LLVM compilation error: Cannot allocate memory
E0416 00:08:13.286896    2942 execution_engine.cc:54] LLVM compilation error: Cannot allocate memory
E0416 00:08:13.286980    2776 execution_engine.cc:54] LLVM compilation error: Cannot allocate memory
E0416 00:08:13.287937    3127 execution_engine.cc:54] LLVM compilation error: Cannot allocate memory
E0416 00:08:13.290001    2682 execution_engine.cc:54] LLVM compilation error: Cannot allocate memory
E0416 00:08:13.531480  259091 execution_engine.cc:54] LLVM compilation error: Cannot allocate memory
E0416 00:08:13.531609  259091 execution_engine.cc:54] LLVM compilation error: Cannot allocate memory
E0416 00:08:13.531678  259091 execution_engine.cc:54] LLVM compilation error: Cannot allocate memory
E0416 00:08:13.531743  259091 execution_engine.cc:54] LLVM compilation error: Cannot allocate memory
E0416 00:08:13.531832  259091 execution_engine.cc:54] LLVM compilation error: Cannot allocate memory
E0416 00:08:13.531924  259091 execution_engine.cc:54] LLVM compilation error: Cannot allocate memory
E0416 00:08:13.531988  259091 execution_engine.cc:54] LLVM compilation error: Cannot allocate memory
E0416 00:08:13.532048  259091 execution_engine.cc:54] LLVM compilation error: Cannot allocate memory
E0416 00:08:13.532108  259091 execution_engine.cc:54] LLVM compilation error: Cannot allocate memory
E0416 00:08:13.532168  259091 execution_engine.cc:54] LLVM compilation error: Cannot allocate memory
E0416 00:08:13.532229  259091 execution_engine.cc:54] LLVM compilation error: Cannot allocate memory
E0416 00:08:13.532286  259091 execution_engine.cc:54] LLVM compilation error: Cannot allocate memory
E0416 00:08:13.532345  259091 execution_engine.cc:54] LLVM compilation error: Cannot allocate memory
E0416 00:08:13.532404  259091 execution_engine.cc:54] LLVM compilation error: Cannot allocate memory
E0416 00:08:13.532467  259091 execution_engine.cc:54] LLVM compilation error: Cannot allocate memory
E0416 00:08:13.532525  259091 execution_engine.cc:54] LLVM compilation error: Cannot allocate memory
E0416 00:08:13.532584  259091 execution_engine.cc:54] LLVM compilation error: Cannot allocate memory
E0416 00:08:13.704227    2732 execution_engine.cc:54] LLVM compilation error: Cannot allocate memory
E0416 00:08:13.704553    2838 execution_engine.cc:54] LLVM compilation error: Cannot allocate memory
E0416 00:08:13.704889    3070 execution_engine.cc:54] LLVM compilation error: Cannot allocate memory
E0416 00:08:13.704968    2823 execution_engine.cc:54] LLVM compilation error: Cannot allocate memory
E0416 00:08:13.705284    3100 execution_engine.cc:54] LLVM compilation error: Cannot allocate memory
E0416 00:08:13.706910    3081 execution_engine.cc:54] LLVM compilation error: Cannot allocate memory
E0416 00:08:13.707001    2975 execution_engine.cc:54] LLVM compilation error: Cannot allocate memory
E0416 00:08:13.707148    3154 execution_engine.cc:54] LLVM compilation error: Cannot allocate memory
E0416 00:08:13.709430    2910 execution_engine.cc:54] LLVM compilation error: Cannot allocate memory
E0416 00:08:13.710641    2926 execution_engine.cc:54] LLVM compilation error: Cannot allocate memory
E0416 00:08:13.710983    2761 execution_engine.cc:54] LLVM compilation error: Cannot allocate memory
E0416 00:08:13.711296    3127 execution_engine.cc:54] LLVM compilation error: Cannot allocate memory
E0416 00:08:13.711480    2793 execution_engine.cc:54] LLVM compilation error: Cannot allocate memory
E0416 00:08:13.713649    2692 execution_engine.cc:54] LLVM compilation error: Cannot allocate memory
E0416 00:08:13.714873    2875 execution_engine.cc:54] LLVM compilation error: Cannot allocate memory
E0416 00:08:13.715419    2960 execution_engine.cc:54] LLVM compilation error: Cannot allocate memory
E0416 00:08:13.715729    2682 execution_engine.cc:54] LLVM compilation error: Cannot allocate memory
E0416 00:08:13.960766  259091 execution_engine.cc:54] LLVM compilation error: Cannot allocate memory
E0416 00:08:13.960897  259091 execution_engine.cc:54] LLVM compilation error: Cannot allocate memory
E0416 00:08:13.960974  259091 execution_engine.cc:54] LLVM compilation error: Cannot allocate memory
E0416 00:08:13.961041  259091 execution_engine.cc:54] LLVM compilation error: Cannot allocate memory
E0416 00:08:13.961129  259091 execution_engine.cc:54] LLVM compilation error: Cannot allocate memory
E0416 00:08:13.961219  259091 execution_engine.cc:54] LLVM compilation error: Cannot allocate memory
E0416 00:08:13.961284  259091 execution_engine.cc:54] LLVM compilation error: Cannot allocate memory
E0416 00:08:13.961351  259091 execution_engine.cc:54] LLVM compilation error: Cannot allocate memory
E0416 00:08:13.961412  259091 execution_engine.cc:54] LLVM compilation error: Cannot allocate memory
E0416 00:08:13.961473  259091 execution_engine.cc:54] LLVM compilation error: Cannot allocate memory
E0416 00:08:13.961532  259091 execution_engine.cc:54] LLVM compilation error: Cannot allocate memory
E0416 00:08:13.961592  259091 execution_engine.cc:54] LLVM compilation error: Cannot allocate memory
E0416 00:08:13.961652  259091 execution_engine.cc:54] LLVM compilation error: Cannot allocate memory
E0416 00:08:13.961714  259091 execution_engine.cc:54] LLVM compilation error: Cannot allocate memory
E0416 00:08:13.961779  259091 execution_engine.cc:54] LLVM compilation error: Cannot allocate memory
E0416 00:08:13.961841  259091 execution_engine.cc:54] LLVM compilation error: Cannot allocate memory
E0416 00:08:13.961901  259091 execution_engine.cc:54] LLVM compilation error: Cannot allocate memory
E0416 00:08:14.134315    2776 execution_engine.cc:54] LLVM compilation error: Cannot allocate memory
E0416 00:08:14.136153    3070 execution_engine.cc:54] LLVM compilation error: Cannot allocate memory
E0416 00:08:14.136377    2990 execution_engine.cc:54] LLVM compilation error: Cannot allocate memory
E0416 00:08:14.136999    2975 execution_engine.cc:54] LLVM compilation error: Cannot allocate memory
E0416 00:08:14.137721    2960 execution_engine.cc:54] LLVM compilation error: Cannot allocate memory
E0416 00:08:14.137981    3115 execution_engine.cc:54] LLVM compilation error: Cannot allocate memory
E0416 00:08:14.138632    3039 execution_engine.cc:54] LLVM compilation error: Cannot allocate memory
E0416 00:08:14.139617    3127 execution_engine.cc:54] LLVM compilation error: Cannot allocate memory
E0416 00:08:14.140121    2942 execution_engine.cc:54] LLVM compilation error: Cannot allocate memory
E0416 00:08:14.140216    3054 execution_engine.cc:54] LLVM compilation error: Cannot allocate memory
E0416 00:08:14.140267    2855 execution_engine.cc:54] LLVM compilation error: Cannot allocate memory
E0416 00:08:14.142189    2808 execution_engine.cc:54] LLVM compilation error: Cannot allocate memory
E0416 00:08:14.142907    2747 execution_engine.cc:54] LLVM compilation error: Cannot allocate memory
E0416 00:08:14.144647    2692 execution_engine.cc:54] LLVM compilation error: Cannot allocate memory
E0416 00:08:14.144902    2761 execution_engine.cc:54] LLVM compilation error: Cannot allocate memory
E0416 00:08:14.145974    3154 execution_engine.cc:54] LLVM compilation error: Cannot allocate memory
E0416 00:08:14.146412    3024 execution_engine.cc:54] LLVM compilation error: Cannot allocate memory
E0416 00:08:14.390543  259091 execution_engine.cc:54] LLVM compilation error: Cannot allocate memory
E0416 00:08:14.390682  259091 execution_engine.cc:54] LLVM compilation error: Cannot allocate memory
E0416 00:08:14.390751  259091 execution_engine.cc:54] LLVM compilation error: Cannot allocate memory
E0416 00:08:14.390816  259091 execution_engine.cc:54] LLVM compilation error: Cannot allocate memory
E0416 00:08:14.390900  259091 execution_engine.cc:54] LLVM compilation error: Cannot allocate memory
E0416 00:08:14.390985  259091 execution_engine.cc:54] LLVM compilation error: Cannot allocate memory
E0416 00:08:14.391050  259091 execution_engine.cc:54] LLVM compilation error: Cannot allocate memory
E0416 00:08:14.391110  259091 execution_engine.cc:54] LLVM compilation error: Cannot allocate memory
E0416 00:08:14.391170  259091 execution_engine.cc:54] LLVM compilation error: Cannot allocate memory
E0416 00:08:14.391234  259091 execution_engine.cc:54] LLVM compilation error: Cannot allocate memory
E0416 00:08:14.391292  259091 execution_engine.cc:54] LLVM compilation error: Cannot allocate memory
E0416 00:08:14.391351  259091 execution_engine.cc:54] LLVM compilation error: Cannot allocate memory
E0416 00:08:14.391409  259091 execution_engine.cc:54] LLVM compilation error: Cannot allocate memory
E0416 00:08:14.391467  259091 execution_engine.cc:54] LLVM compilation error: Cannot allocate memory
E0416 00:08:14.391530  259091 execution_engine.cc:54] LLVM compilation error: Cannot allocate memory
E0416 00:08:14.391589  259091 execution_engine.cc:54] LLVM compilation error: Cannot allocate memory
E0416 00:08:14.391648  259091 execution_engine.cc:54] LLVM compilation error: Cannot allocate memory
E0416 00:08:14.567055    2761 execution_engine.cc:54] LLVM compilation error: Cannot allocate memory
E0416 00:08:14.567430    2747 execution_engine.cc:54] LLVM compilation error: Cannot allocate memory
E0416 00:08:14.568009    2893 execution_engine.cc:54] LLVM compilation error: Cannot allocate memory
E0416 00:08:14.570615    3024 execution_engine.cc:54] LLVM compilation error: Cannot allocate memory
E0416 00:08:14.570830    3008 execution_engine.cc:54] LLVM compilation error: Cannot allocate memory
E0416 00:08:14.572125    2875 execution_engine.cc:54] LLVM compilation error: Cannot allocate memory
E0416 00:08:14.572619    2718 execution_engine.cc:54] LLVM compilation error: Cannot allocate memory
E0416 00:08:14.572879    3070 execution_engine.cc:54] LLVM compilation error: Cannot allocate memory
E0416 00:08:14.573849    3127 execution_engine.cc:54] LLVM compilation error: Cannot allocate memory
E0416 00:08:14.574347    2990 execution_engine.cc:54] LLVM compilation error: Cannot allocate memory
E0416 00:08:14.575707    2926 execution_engine.cc:54] LLVM compilation error: Cannot allocate memory
E0416 00:08:14.576742    2808 execution_engine.cc:54] LLVM compilation error: Cannot allocate memory
E0416 00:08:14.577276    2960 execution_engine.cc:54] LLVM compilation error: Cannot allocate memory
E0416 00:08:14.578622    2838 execution_engine.cc:54] LLVM compilation error: Cannot allocate memory
E0416 00:08:14.579772    2855 execution_engine.cc:54] LLVM compilation error: Cannot allocate memory
E0416 00:08:14.580732    2732 execution_engine.cc:54] LLVM compilation error: Cannot allocate memory
E0416 00:08:14.581231    2975 execution_engine.cc:54] LLVM compilation error: Cannot allocate memory
E0416 00:08:14.819350  259091 execution_engine.cc:54] LLVM compilation error: Cannot allocate memory
E0416 00:08:14.819516  259091 execution_engine.cc:54] LLVM compilation error: Cannot allocate memory
E0416 00:08:14.819609  259091 execution_engine.cc:54] LLVM compilation error: Cannot allocate memory
E0416 00:08:14.819695  259091 execution_engine.cc:54] LLVM compilation error: Cannot allocate memory
E0416 00:08:14.819838  259091 execution_engine.cc:54] LLVM compilation error: Cannot allocate memory
E0416 00:08:14.819950  259091 execution_engine.cc:54] LLVM compilation error: Cannot allocate memory
E0416 00:08:14.820026  259091 execution_engine.cc:54] LLVM compilation error: Cannot allocate memory
E0416 00:08:14.820107  259091 execution_engine.cc:54] LLVM compilation error: Cannot allocate memory
E0416 00:08:14.820192  259091 execution_engine.cc:54] LLVM compilation error: Cannot allocate memory
E0416 00:08:14.820270  259091 execution_engine.cc:54] LLVM compilation error: Cannot allocate memory
E0416 00:08:14.820348  259091 execution_engine.cc:54] LLVM compilation error: Cannot allocate memory
E0416 00:08:14.820450  259091 execution_engine.cc:54] LLVM compilation error: Cannot allocate memory
E0416 00:08:14.820579  259091 execution_engine.cc:54] LLVM compilation error: Cannot allocate memory
E0416 00:08:14.820735  259091 execution_engine.cc:54] LLVM compilation error: Cannot allocate memory
E0416 00:08:14.820828  259091 execution_engine.cc:54] LLVM compilation error: Cannot allocate memory
E0416 00:08:14.820896  259091 execution_engine.cc:54] LLVM compilation error: Cannot allocate memory
E0416 00:08:14.820976  259091 execution_engine.cc:54] LLVM compilation error: Cannot allocate memory
E0416 00:08:14.991510    3154 execution_engine.cc:54] LLVM compilation error: Cannot allocate memory
E0416 00:08:14.991556    2776 execution_engine.cc:54] LLVM compilation error: Cannot allocate memory
E0416 00:08:14.991606    2910 contiguous_section_memory_manager.cc:101] allocateMappedMemory failed with error: Cannot allocate memory
E0416 00:08:14.991755    2910 contiguous_section_memory_manager.cc:139] Failed to satisfy suballocation request for 300
LLVM ERROR: Unable to allocate section memory!
E0416 00:08:14.991775    2705 execution_engine.cc:54] LLVM compilation error: Cannot allocate memory
E0416 00:08:14.993267    2942 execution_engine.cc:54] LLVM compilation error: Cannot allocate memory
E0416 00:08:14.994368    2823 execution_engine.cc:54] LLVM compilation error: Cannot allocate memory
E0416 00:08:14.995939    2990 execution_engine.cc:54] LLVM compilation error: Cannot allocate memory
E0416 00:08:14.996491    2975 execution_engine.cc:54] LLVM compilation error: Cannot allocate memory
E0416 00:08:14.996682    3140 execution_engine.cc:54] LLVM compilation error: Cannot allocate memory
E0416 00:08:14.996855    2960 execution_engine.cc:54] LLVM compilation error: Cannot allocate memory
E0416 00:08:14.998169    2718 execution_engine.cc:54] LLVM compilation error: Cannot allocate memory
E0416 00:08:14.998810    2893 execution_engine.cc:54] LLVM compilation error: Cannot allocate memory
E0416 00:08:14.999000    3039 execution_engine.cc:54] LLVM compilation error: Cannot allocate memory
E0416 00:08:15.000034    3127 execution_engine.cc:54] LLVM compilation error: Cannot allocate memory
E0416 00:08:15.000754    2875 execution_engine.cc:54] LLVM compilation error: Cannot allocate memory
E0416 00:08:15.002017    3054 execution_engine.cc:54] LLVM compilation error: Cannot allocate memory
E0416 00:08:15.007167    2732 execution_engine.cc:54] LLVM compilation error: Cannot allocate memory

=== Starting at 00:21:44 ===
[dei_n40_roserowp] 377/500 seeds to run
[dei_n40_roserowp] problem loaded in 8.9s, inside candidates: 412, n_target=40
[dei_n40_roserowp] 50/377 done, rate=0.13/s, eta=2470s
E0416 00:31:41.764555  204477 contiguous_section_memory_manager.cc:101] allocateMappedMemory failed with error: Cannot allocate memory
E0416 00:31:41.764676  204477 contiguous_section_memory_manager.cc:139] Failed to satisfy suballocation request for 1040
LLVM ERROR: Unable to allocate section memory!
