
=== Starting at 23:45:33 ===
[dei_n40_roseomnidir] 500/500 seeds to run
[dei_n40_roseomnidir] problem loaded in 9.7s, inside candidates: 412, n_target=40

=== Starting at 23:55:45 ===
[dei_n40_roseomnidir] 483/500 seeds to run
[dei_n40_roseomnidir] problem loaded in 6.8s, inside candidates: 412, n_target=40
[dei_n40_roseomnidir] 50/483 done, rate=0.05/s, eta=8303s
E0416 00:20:46.335911  259096 execution_engine.cc:54] LLVM compilation error: Cannot allocate memory
E0416 00:20:46.337594  259096 execution_engine.cc:54] LLVM compilation error: Cannot allocate memory
E0416 00:20:46.337667  259096 execution_engine.cc:54] LLVM compilation error: Cannot allocate memory
E0416 00:20:46.337725  259096 execution_engine.cc:54] LLVM compilation error: Cannot allocate memory
E0416 00:20:46.337786  259096 execution_engine.cc:54] LLVM compilation error: Cannot allocate memory
E0416 00:20:46.337846  259096 execution_engine.cc:54] LLVM compilation error: Cannot allocate memory
E0416 00:20:46.337926  259096 execution_engine.cc:54] LLVM compilation error: Cannot allocate memory
E0416 00:20:46.338000  259096 execution_engine.cc:54] LLVM compilation error: Cannot allocate memory
E0416 00:20:46.338059  259096 execution_engine.cc:54] LLVM compilation error: Cannot allocate memory
E0416 00:20:46.338112  259096 execution_engine.cc:54] LLVM compilation error: Cannot allocate memory
E0416 00:20:46.338165  259096 execution_engine.cc:54] LLVM compilation error: Cannot allocate memory
E0416 00:20:46.338219  259096 execution_engine.cc:54] LLVM compilation error: Cannot allocate memory
E0416 00:20:46.338306  259096 execution_engine.cc:54] LLVM compilation error: Cannot allocate memory
E0416 00:20:46.338382  259096 execution_engine.cc:54] LLVM compilation error: Cannot allocate memory
E0416 00:20:46.338440  259096 execution_engine.cc:54] LLVM compilation error: Cannot allocate memory
E0416 00:20:46.338495  259096 execution_engine.cc:54] LLVM compilation error: Cannot allocate memory
E0416 00:20:46.338548  259096 execution_engine.cc:54] LLVM compilation error: Cannot allocate memory
E0416 00:20:46.338602  259096 execution_engine.cc:54] LLVM compilation error: Cannot allocate memory
E0416 00:20:46.338656  259096 execution_engine.cc:54] LLVM compilation error: Cannot allocate memory
E0416 00:20:46.338708  259096 execution_engine.cc:54] LLVM compilation error: Cannot allocate memory
E0416 00:20:46.338760  259096 execution_engine.cc:54] LLVM compilation error: Cannot allocate memory
E0416 00:20:46.338812  259096 execution_engine.cc:54] LLVM compilation error: Cannot allocate memory
E0416 00:20:46.338865  259096 execution_engine.cc:54] LLVM compilation error: Cannot allocate memory
E0416 00:20:46.338919  259096 execution_engine.cc:54] LLVM compilation error: Cannot allocate memory
E0416 00:20:46.338973  259096 execution_engine.cc:54] LLVM compilation error: Cannot allocate memory
E0416 00:20:46.339025  259096 execution_engine.cc:54] LLVM compilation error: Cannot allocate memory
E0416 00:20:46.339090  259096 execution_engine.cc:54] LLVM compilation error: Cannot allocate memory
E0416 00:20:46.339199  259096 execution_engine.cc:54] LLVM compilation error: Cannot allocate memory
E0416 00:20:46.339305  259096 execution_engine.cc:54] LLVM compilation error: Cannot allocate memory
E0416 00:20:46.339378  259096 execution_engine.cc:54] LLVM compilation error: Cannot allocate memory
E0416 00:20:46.339457  259096 execution_engine.cc:54] LLVM compilation error: Cannot allocate memory
E0416 00:20:46.339529  259096 execution_engine.cc:54] LLVM compilation error: Cannot allocate memory
E0416 00:20:46.339601  259096 execution_engine.cc:54] LLVM compilation error: Cannot allocate memory
E0416 00:20:46.339671  259096 execution_engine.cc:54] LLVM compilation error: Cannot allocate memory
E0416 00:20:46.339741  259096 execution_engine.cc:54] LLVM compilation error: Cannot allocate memory
E0416 00:20:46.339801  259096 execution_engine.cc:54] LLVM compilation error: Cannot allocate memory
E0416 00:20:46.339859  259096 execution_engine.cc:54] LLVM compilation error: Cannot allocate memory
E0416 00:20:46.339934  259096 execution_engine.cc:54] LLVM compilation error: Cannot allocate memory
E0416 00:20:46.339991  259096 execution_engine.cc:54] LLVM compilation error: Cannot allocate memory
E0416 00:20:46.340048  259096 execution_engine.cc:54] LLVM compilation error: Cannot allocate memory
E0416 00:20:46.340101  259096 execution_engine.cc:54] LLVM compilation error: Cannot allocate memory
E0416 00:20:46.340147  259096 execution_engine.cc:54] LLVM compilation error: Cannot allocate memory
E0416 00:20:46.340206  259096 execution_engine.cc:54] LLVM compilation error: Cannot allocate memory
E0416 00:20:46.340257  259096 execution_engine.cc:54] LLVM compilation error: Cannot allocate memory
E0416 00:20:46.340304  259096 execution_engine.cc:54] LLVM compilation error: Cannot allocate memory
/pfs/lustrep2/scratch/project_465002609/julian/funwake/.pixi/envs/default/lib/python3.13/site-packages/jax/_src/compiler.py:783: UserWarning: Error reading persistent compilation cache entry for 'jit_while': JaxRuntimeError: INTERNAL: Failed to materialize symbols: { (<xla_jit_dylib_0>, { select_multiply_fusion }) }
  warnings.warn(
E0416 00:20:46.999742    2913 execution_engine.cc:54] LLVM compilation error: Cannot allocate memory
E0416 00:20:46.999846    2683 execution_engine.cc:54] LLVM compilation error: Cannot allocate memory
E0416 00:20:47.000069    2834 execution_engine.cc:54] LLVM compilation error: Cannot allocate memory
E0416 00:20:47.000121    2992 execution_engine.cc:54] LLVM compilation error: Cannot allocate memory
E0416 00:20:47.000378    3006 execution_engine.cc:54] LLVM compilation error: Cannot allocate memory
E0416 00:20:47.000447    2927 execution_engine.cc:54] LLVM compilation error: Cannot allocate memory
E0416 00:20:47.001279    3034 execution_engine.cc:54] LLVM compilation error: Cannot allocate memory
E0416 00:20:47.001361    3020 execution_engine.cc:54] LLVM compilation error: Cannot allocate memory
E0416 00:20:47.001958    2958 execution_engine.cc:54] LLVM compilation error: Cannot allocate memory
E0416 00:20:47.002268    2867 execution_engine.cc:54] LLVM compilation error: Cannot allocate memory
E0416 00:20:47.002776    3155 execution_engine.cc:54] LLVM compilation error: Cannot allocate memory
E0416 00:20:47.002881    3129 execution_engine.cc:54] LLVM compilation error: Cannot allocate memory
E0416 00:20:47.003782    2750 execution_engine.cc:54] LLVM compilation error: Cannot allocate memory
E0416 00:20:47.004313    2797 execution_engine.cc:54] LLVM compilation error: Cannot allocate memory
E0416 00:20:47.005731    3006 execution_engine.cc:54] LLVM compilation error: Cannot allocate memory
E0416 00:20:47.005840    2883 execution_engine.cc:54] LLVM compilation error: Cannot allocate memory
E0416 00:20:47.006080    2977 execution_engine.cc:54] LLVM compilation error: Cannot allocate memory
E0416 00:20:47.006240    2897 execution_engine.cc:54] LLVM compilation error: Cannot allocate memory
E0416 00:20:47.006270    2943 execution_engine.cc:54] LLVM compilation error: Cannot allocate memory
E0416 00:20:47.006335    2992 execution_engine.cc:54] LLVM compilation error: Cannot allocate memory
E0416 00:20:47.006721    2992 execution_engine.cc:54] LLVM compilation error: Cannot allocate memory
E0416 00:20:47.006897    2736 execution_engine.cc:54] LLVM compilation error: Cannot allocate memory
E0416 00:20:47.007199    3063 execution_engine.cc:54] LLVM compilation error: Cannot allocate memory
E0416 00:20:47.007331    2707 execution_engine.cc:54] LLVM compilation error: Cannot allocate memory
E0416 00:20:47.007544    3091 execution_engine.cc:54] LLVM compilation error: Cannot allocate memory
E0416 00:20:47.008095    3050 execution_engine.cc:54] LLVM compilation error: Cannot allocate memory
E0416 00:20:47.008502    3077 execution_engine.cc:54] LLVM compilation error: Cannot allocate memory
E0416 00:20:47.008777    2721 execution_engine.cc:54] LLVM compilation error: Cannot allocate memory
E0416 00:20:47.008889    2765 execution_engine.cc:54] LLVM compilation error: Cannot allocate memory
E0416 00:20:47.009268    2817 execution_engine.cc:54] LLVM compilation error: Cannot allocate memory
E0416 00:20:47.009379    2913 execution_engine.cc:54] LLVM compilation error: Cannot allocate memory
E0416 00:20:47.010639    2850 execution_engine.cc:54] LLVM compilation error: Cannot allocate memory
E0416 00:20:47.011325    2958 execution_engine.cc:54] LLVM compilation error: Cannot allocate memory
E0416 00:20:47.012208    3034 execution_engine.cc:54] LLVM compilation error: Cannot allocate memory
E0416 00:20:47.012329    3020 execution_engine.cc:54] LLVM compilation error: Cannot allocate memory
E0416 00:20:47.012605    2695 execution_engine.cc:54] LLVM compilation error: Cannot allocate memory
E0416 00:20:47.012925    2867 execution_engine.cc:54] LLVM compilation error: Cannot allocate memory
E0416 00:20:47.016691    2834 execution_engine.cc:54] LLVM compilation error: Cannot allocate memory
E0416 00:20:47.016842    3144 execution_engine.cc:54] LLVM compilation error: Cannot allocate memory
E0416 00:20:47.017439    3105 execution_engine.cc:54] LLVM compilation error: Cannot allocate memory
E0416 00:20:47.018906    2683 execution_engine.cc:54] LLVM compilation error: Cannot allocate memory
E0416 00:20:47.019767    2927 execution_engine.cc:54] LLVM compilation error: Cannot allocate memory
E0416 00:20:47.020315    3155 execution_engine.cc:54] LLVM compilation error: Cannot allocate memory
E0416 00:20:47.021428    2781 execution_engine.cc:54] LLVM compilation error: Cannot allocate memory
E0416 00:20:47.022640    2750 execution_engine.cc:54] LLVM compilation error: Cannot allocate memory
E0416 00:20:48.072318  259096 execution_engine.cc:54] LLVM compilation error: Cannot allocate memory
E0416 00:20:48.072537  259096 execution_engine.cc:54] LLVM compilation error: Cannot allocate memory
E0416 00:20:48.072612  259096 execution_engine.cc:54] LLVM compilation error: Cannot allocate memory
E0416 00:20:48.072696  259096 execution_engine.cc:54] LLVM compilation error: Cannot allocate memory
E0416 00:20:48.072789  259096 execution_engine.cc:54] LLVM compilation error: Cannot allocate memory
E0416 00:20:48.072853  259096 execution_engine.cc:54] LLVM compilation error: Cannot allocate memory
E0416 00:20:48.072915  259096 execution_engine.cc:54] LLVM compilation error: Cannot allocate memory
E0416 00:20:48.072976  259096 execution_engine.cc:54] LLVM compilation error: Cannot allocate memory
E0416 00:20:48.073034  259096 execution_engine.cc:54] LLVM compilation error: Cannot allocate memory
E0416 00:20:48.073092  259096 execution_engine.cc:54] LLVM compilation error: Cannot allocate memory
E0416 00:20:48.073150  259096 execution_engine.cc:54] LLVM compilation error: Cannot allocate memory
E0416 00:20:48.073208  259096 execution_engine.cc:54] LLVM compilation error: Cannot allocate memory
E0416 00:20:48.073280  259096 execution_engine.cc:54] LLVM compilation error: Cannot allocate memory
E0416 00:20:48.073352  259096 execution_engine.cc:54] LLVM compilation error: Cannot allocate memory
E0416 00:20:48.073412  259096 execution_engine.cc:54] LLVM compilation error: Cannot allocate memory
E0416 00:20:48.073484  259096 execution_engine.cc:54] LLVM compilation error: Cannot allocate memory
E0416 00:20:48.073584  259096 execution_engine.cc:54] LLVM compilation error: Cannot allocate memory
E0416 00:20:48.073656  259096 execution_engine.cc:54] LLVM compilation error: Cannot allocate memory
E0416 00:20:48.073739  259096 execution_engine.cc:54] LLVM compilation error: Cannot allocate memory
E0416 00:20:48.073806  259096 execution_engine.cc:54] LLVM compilation error: Cannot allocate memory
E0416 00:20:48.073871  259096 execution_engine.cc:54] LLVM compilation error: Cannot allocate memory
E0416 00:20:48.073945  259096 execution_engine.cc:54] LLVM compilation error: Cannot allocate memory
E0416 00:20:48.074004  259096 execution_engine.cc:54] LLVM compilation error: Cannot allocate memory
E0416 00:20:48.074061  259096 execution_engine.cc:54] LLVM compilation error: Cannot allocate memory
E0416 00:20:48.074123  259096 execution_engine.cc:54] LLVM compilation error: Cannot allocate memory
E0416 00:20:48.074207  259096 execution_engine.cc:54] LLVM compilation error: Cannot allocate memory
E0416 00:20:48.074270  259096 execution_engine.cc:54] LLVM compilation error: Cannot allocate memory
E0416 00:20:48.074330  259096 execution_engine.cc:54] LLVM compilation error: Cannot allocate memory
E0416 00:20:48.074394  259096 execution_engine.cc:54] LLVM compilation error: Cannot allocate memory
E0416 00:20:48.074456  259096 execution_engine.cc:54] LLVM compilation error: Cannot allocate memory
E0416 00:20:48.074518  259096 execution_engine.cc:54] LLVM compilation error: Cannot allocate memory
E0416 00:20:48.074580  259096 execution_engine.cc:54] LLVM compilation error: Cannot allocate memory
E0416 00:20:48.074641  259096 execution_engine.cc:54] LLVM compilation error: Cannot allocate memory
E0416 00:20:48.074704  259096 execution_engine.cc:54] LLVM compilation error: Cannot allocate memory
E0416 00:20:48.074767  259096 execution_engine.cc:54] LLVM compilation error: Cannot allocate memory
E0416 00:20:48.074836  259096 execution_engine.cc:54] LLVM compilation error: Cannot allocate memory
E0416 00:20:48.074897  259096 execution_engine.cc:54] LLVM compilation error: Cannot allocate memory
E0416 00:20:48.074958  259096 execution_engine.cc:54] LLVM compilation error: Cannot allocate memory
E0416 00:20:48.075017  259096 execution_engine.cc:54] LLVM compilation error: Cannot allocate memory
E0416 00:20:48.075080  259096 execution_engine.cc:54] LLVM compilation error: Cannot allocate memory
E0416 00:20:48.075142  259096 execution_engine.cc:54] LLVM compilation error: Cannot allocate memory
E0416 00:20:48.075214  259096 execution_engine.cc:54] LLVM compilation error: Cannot allocate memory
E0416 00:20:48.075280  259096 execution_engine.cc:54] LLVM compilation error: Cannot allocate memory
E0416 00:20:48.075388  259096 execution_engine.cc:54] LLVM compilation error: Cannot allocate memory
E0416 00:20:48.075456  259096 execution_engine.cc:54] LLVM compilation error: Cannot allocate memory
E0416 00:20:48.075520  259096 execution_engine.cc:54] LLVM compilation error: Cannot allocate memory
E0416 00:20:48.075604  259096 execution_engine.cc:54] LLVM compilation error: Cannot allocate memory
E0416 00:20:48.075718  259096 execution_engine.cc:54] LLVM compilation error: Cannot allocate memory
E0416 00:20:48.075802  259096 execution_engine.cc:54] LLVM compilation error: Cannot allocate memory
E0416 00:20:48.075898  259096 execution_engine.cc:54] LLVM compilation error: Cannot allocate memory
E0416 00:20:48.076001  259096 execution_engine.cc:54] LLVM compilation error: Cannot allocate memory
E0416 00:20:48.076079  259096 execution_engine.cc:54] LLVM compilation error: Cannot allocate memory
E0416 00:20:48.076154  259096 execution_engine.cc:54] LLVM compilation error: Cannot allocate memory
E0416 00:20:48.076236  259096 execution_engine.cc:54] LLVM compilation error: Cannot allocate memory
E0416 00:20:48.076306  259096 execution_engine.cc:54] LLVM compilation error: Cannot allocate memory
E0416 00:20:48.076376  259096 execution_engine.cc:54] LLVM compilation error: Cannot allocate memory
E0416 00:20:48.076450  259096 execution_engine.cc:54] LLVM compilation error: Cannot allocate memory
E0416 00:20:48.076513  259096 execution_engine.cc:54] LLVM compilation error: Cannot allocate memory
E0416 00:20:48.076572  259096 execution_engine.cc:54] LLVM compilation error: Cannot allocate memory
E0416 00:20:48.076638  259096 execution_engine.cc:54] LLVM compilation error: Cannot allocate memory
E0416 00:20:48.076715  259096 execution_engine.cc:54] LLVM compilation error: Cannot allocate memory
E0416 00:20:48.076780  259096 execution_engine.cc:54] LLVM compilation error: Cannot allocate memory
E0416 00:20:48.076843  259096 execution_engine.cc:54] LLVM compilation error: Cannot allocate memory
E0416 00:20:48.076910  259096 execution_engine.cc:54] LLVM compilation error: Cannot allocate memory
E0416 00:20:48.076986  259096 execution_engine.cc:54] LLVM compilation error: Cannot allocate memory
E0416 00:20:48.077049  259096 execution_engine.cc:54] LLVM compilation error: Cannot allocate memory
E0416 00:20:48.077125  259096 execution_engine.cc:54] LLVM compilation error: Cannot allocate memory
E0416 00:20:48.077190  259096 execution_engine.cc:54] LLVM compilation error: Cannot allocate memory
E0416 00:20:48.077260  259096 execution_engine.cc:54] LLVM compilation error: Cannot allocate memory
E0416 00:20:48.077328  259096 execution_engine.cc:54] LLVM compilation error: Cannot allocate memory
E0416 00:20:48.077391  259096 execution_engine.cc:54] LLVM compilation error: Cannot allocate memory
E0416 00:20:48.077476  259096 execution_engine.cc:54] LLVM compilation error: Cannot allocate memory
E0416 00:20:48.077547  259096 execution_engine.cc:54] LLVM compilation error: Cannot allocate memory
E0416 00:20:48.077613  259096 execution_engine.cc:54] LLVM compilation error: Cannot allocate memory
E0416 00:20:48.077672  259096 execution_engine.cc:54] LLVM compilation error: Cannot allocate memory
E0416 00:20:48.077731  259096 execution_engine.cc:54] LLVM compilation error: Cannot allocate memory
E0416 00:20:48.077817  259096 execution_engine.cc:54] LLVM compilation error: Cannot allocate memory
E0416 00:20:48.077882  259096 execution_engine.cc:54] LLVM compilation error: Cannot allocate memory
E0416 00:20:48.077948  259096 execution_engine.cc:54] LLVM compilation error: Cannot allocate memory
E0416 00:20:48.078008  259096 execution_engine.cc:54] LLVM compilation error: Cannot allocate memory
E0416 00:20:48.078068  259096 execution_engine.cc:54] LLVM compilation error: Cannot allocate memory
E0416 00:20:48.078127  259096 execution_engine.cc:54] LLVM compilation error: Cannot allocate memory
E0416 00:20:48.078189  259096 execution_engine.cc:54] LLVM compilation error: Cannot allocate memory
E0416 00:20:48.078248  259096 execution_engine.cc:54] LLVM compilation error: Cannot allocate memory
E0416 00:20:48.078313  259096 execution_engine.cc:54] LLVM compilation error: Cannot allocate memory
E0416 00:20:48.078375  259096 execution_engine.cc:54] LLVM compilation error: Cannot allocate memory
E0416 00:20:48.078441  259096 execution_engine.cc:54] LLVM compilation error: Cannot allocate memory
E0416 00:20:48.078504  259096 execution_engine.cc:54] LLVM compilation error: Cannot allocate memory
E0416 00:20:48.078570  259096 execution_engine.cc:54] LLVM compilation error: Cannot allocate memory
E0416 00:20:48.078641  259096 execution_engine.cc:54] LLVM compilation error: Cannot allocate memory
E0416 00:20:48.078707  259096 execution_engine.cc:54] LLVM compilation error: Cannot allocate memory
E0416 00:20:48.078773  259096 execution_engine.cc:54] LLVM compilation error: Cannot allocate memory
E0416 00:20:48.078838  259096 execution_engine.cc:54] LLVM compilation error: Cannot allocate memory
E0416 00:20:48.078903  259096 execution_engine.cc:54] LLVM compilation error: Cannot allocate memory
E0416 00:20:48.078975  259096 execution_engine.cc:54] LLVM compilation error: Cannot allocate memory
E0416 00:20:48.079059  259096 execution_engine.cc:54] LLVM compilation error: Cannot allocate memory
E0416 00:20:48.079144  259096 execution_engine.cc:54] LLVM compilation error: Cannot allocate memory
E0416 00:20:48.079206  259096 execution_engine.cc:54] LLVM compilation error: Cannot allocate memory
E0416 00:20:48.079264  259096 execution_engine.cc:54] LLVM compilation error: Cannot allocate memory
E0416 00:20:48.079322  259096 execution_engine.cc:54] LLVM compilation error: Cannot allocate memory
E0416 00:20:48.079380  259096 execution_engine.cc:54] LLVM compilation error: Cannot allocate memory
E0416 00:20:48.079442  259096 execution_engine.cc:54] LLVM compilation error: Cannot allocate memory
E0416 00:20:48.079502  259096 execution_engine.cc:54] LLVM compilation error: Cannot allocate memory
E0416 00:20:48.079566  259096 execution_engine.cc:54] LLVM compilation error: Cannot allocate memory
E0416 00:20:48.079626  259096 execution_engine.cc:54] LLVM compilation error: Cannot allocate memory
E0416 00:20:48.079690  259096 execution_engine.cc:54] LLVM compilation error: Cannot allocate memory
E0416 00:20:48.079797  259096 execution_engine.cc:54] LLVM compilation error: Cannot allocate memory
E0416 00:20:48.079862  259096 execution_engine.cc:54] LLVM compilation error: Cannot allocate memory
E0416 00:20:48.079953  259096 execution_engine.cc:54] LLVM compilation error: Cannot allocate memory
E0416 00:20:48.080028  259096 execution_engine.cc:54] LLVM compilation error: Cannot allocate memory
E0416 00:20:48.080090  259096 execution_engine.cc:54] LLVM compilation error: Cannot allocate memory
E0416 00:20:48.080150  259096 execution_engine.cc:54] LLVM compilation error: Cannot allocate memory
E0416 00:20:48.080209  259096 execution_engine.cc:54] LLVM compilation error: Cannot allocate memory
E0416 00:20:48.080268  259096 execution_engine.cc:54] LLVM compilation error: Cannot allocate memory
E0416 00:20:48.080327  259096 execution_engine.cc:54] LLVM compilation error: Cannot allocate memory
E0416 00:20:48.080385  259096 execution_engine.cc:54] LLVM compilation error: Cannot allocate memory
E0416 00:20:48.080444  259096 execution_engine.cc:54] LLVM compilation error: Cannot allocate memory
E0416 00:20:48.080505  259096 execution_engine.cc:54] LLVM compilation error: Cannot allocate memory
E0416 00:20:48.080567  259096 execution_engine.cc:54] LLVM compilation error: Cannot allocate memory
E0416 00:20:48.080626  259096 execution_engine.cc:54] LLVM compilation error: Cannot allocate memory
E0416 00:20:48.080702  259096 execution_engine.cc:54] LLVM compilation error: Cannot allocate memory
E0416 00:20:48.080764  259096 execution_engine.cc:54] LLVM compilation error: Cannot allocate memory
E0416 00:20:48.080825  259096 execution_engine.cc:54] LLVM compilation error: Cannot allocate memory
E0416 00:20:48.080888  259096 execution_engine.cc:54] LLVM compilation error: Cannot allocate memory
E0416 00:20:48.080948  259096 execution_engine.cc:54] LLVM compilation error: Cannot allocate memory
E0416 00:20:48.081010  259096 execution_engine.cc:54] LLVM compilation error: Cannot allocate memory
E0416 00:20:48.081071  259096 execution_engine.cc:54] LLVM compilation error: Cannot allocate memory
E0416 00:20:48.081131  259096 execution_engine.cc:54] LLVM compilation error: Cannot allocate memory
E0416 00:20:48.081191  259096 execution_engine.cc:54] LLVM compilation error: Cannot allocate memory
E0416 00:20:48.081254  259096 execution_engine.cc:54] LLVM compilation error: Cannot allocate memory
E0416 00:20:48.081347  259096 execution_engine.cc:54] LLVM compilation error: Cannot allocate memory
E0416 00:20:48.081435  259096 execution_engine.cc:54] LLVM compilation error: Cannot allocate memory
E0416 00:20:48.081542  259096 execution_engine.cc:54] LLVM compilation error: Cannot allocate memory
E0416 00:20:48.081623  259096 execution_engine.cc:54] LLVM compilation error: Cannot allocate memory
E0416 00:20:48.081689  259096 execution_engine.cc:54] LLVM compilation error: Cannot allocate memory
E0416 00:20:48.081750  259096 execution_engine.cc:54] LLVM compilation error: Cannot allocate memory
E0416 00:20:48.081802  259096 execution_engine.cc:54] LLVM compilation error: Cannot allocate memory
E0416 00:20:48.081855  259096 execution_engine.cc:54] LLVM compilation error: Cannot allocate memory
E0416 00:20:48.081907  259096 execution_engine.cc:54] LLVM compilation error: Cannot allocate memory
E0416 00:20:48.081955  259096 execution_engine.cc:54] LLVM compilation error: Cannot allocate memory
/pfs/lustrep2/scratch/project_465002609/julian/funwake/.pixi/envs/default/lib/python3.13/site-packages/jax/_src/compiler.py:783: UserWarning: Error reading persistent compilation cache entry for 'jit_while': JaxRuntimeError: INTERNAL: Failed to materialize symbols: { (<xla_jit_dylib_0>, { add_divide_fusion.1 }) }
  warnings.warn(
E0416 00:20:48.702191    2781 execution_engine.cc:54] LLVM compilation error: Cannot allocate memory
E0416 00:20:48.702812    3129 execution_engine.cc:54] LLVM compilation error: Cannot allocate memory
E0416 00:20:48.702841    3091 contiguous_section_memory_manager.cc:101] allocateMappedMemory failed with error: Cannot allocate memory
E0416 00:20:48.703156    3091 contiguous_section_memory_manager.cc:139] Failed to satisfy suballocation request for 346
LLVM ERROR: Unable to allocate section memory!

=== Starting at 00:21:44 ===
[dei_n40_roseomnidir] 406/500 seeds to run
[dei_n40_roseomnidir] problem loaded in 8.8s, inside candidates: 412, n_target=40
[dei_n40_roseomnidir] 50/406 done, rate=0.06/s, eta=5871s
E0416 00:42:47.951326  204472 execution_engine.cc:54] LLVM compilation error: Cannot allocate memory
E0416 00:42:47.951503  204472 execution_engine.cc:54] LLVM compilation error: Cannot allocate memory
E0416 00:42:47.951563  204472 execution_engine.cc:54] LLVM compilation error: Cannot allocate memory
E0416 00:42:47.951618  204472 execution_engine.cc:54] LLVM compilation error: Cannot allocate memory
E0416 00:42:47.951672  204472 execution_engine.cc:54] LLVM compilation error: Cannot allocate memory
E0416 00:42:47.951732  204472 execution_engine.cc:54] LLVM compilation error: Cannot allocate memory
E0416 00:42:47.951788  204472 execution_engine.cc:54] LLVM compilation error: Cannot allocate memory
E0416 00:42:47.951847  204472 execution_engine.cc:54] LLVM compilation error: Cannot allocate memory
E0416 00:42:47.951905  204472 execution_engine.cc:54] LLVM compilation error: Cannot allocate memory
E0416 00:42:47.951963  204472 execution_engine.cc:54] LLVM compilation error: Cannot allocate memory
E0416 00:42:47.952020  204472 execution_engine.cc:54] LLVM compilation error: Cannot allocate memory
E0416 00:42:47.952076  204472 execution_engine.cc:54] LLVM compilation error: Cannot allocate memory
E0416 00:42:47.952133  204472 execution_engine.cc:54] LLVM compilation error: Cannot allocate memory
E0416 00:42:47.952189  204472 execution_engine.cc:54] LLVM compilation error: Cannot allocate memory
E0416 00:42:47.952245  204472 execution_engine.cc:54] LLVM compilation error: Cannot allocate memory
E0416 00:42:47.952301  204472 execution_engine.cc:54] LLVM compilation error: Cannot allocate memory
E0416 00:42:47.952373  204472 execution_engine.cc:54] LLVM compilation error: Cannot allocate memory
E0416 00:42:47.952447  204472 execution_engine.cc:54] LLVM compilation error: Cannot allocate memory
E0416 00:42:47.952505  204472 execution_engine.cc:54] LLVM compilation error: Cannot allocate memory
E0416 00:42:47.952557  204472 execution_engine.cc:54] LLVM compilation error: Cannot allocate memory
E0416 00:42:47.952609  204472 execution_engine.cc:54] LLVM compilation error: Cannot allocate memory
E0416 00:42:47.952661  204472 execution_engine.cc:54] LLVM compilation error: Cannot allocate memory
E0416 00:42:47.952717  204472 execution_engine.cc:54] LLVM compilation error: Cannot allocate memory
E0416 00:42:47.952784  204472 execution_engine.cc:54] LLVM compilation error: Cannot allocate memory
E0416 00:42:47.952842  204472 execution_engine.cc:54] LLVM compilation error: Cannot allocate memory
E0416 00:42:47.952894  204472 execution_engine.cc:54] LLVM compilation error: Cannot allocate memory
E0416 00:42:47.952946  204472 execution_engine.cc:54] LLVM compilation error: Cannot allocate memory
E0416 00:42:47.952998  204472 execution_engine.cc:54] LLVM compilation error: Cannot allocate memory
E0416 00:42:47.953050  204472 execution_engine.cc:54] LLVM compilation error: Cannot allocate memory
E0416 00:42:47.953102  204472 execution_engine.cc:54] LLVM compilation error: Cannot allocate memory
E0416 00:42:47.953172  204472 execution_engine.cc:54] LLVM compilation error: Cannot allocate memory
E0416 00:42:47.953225  204472 execution_engine.cc:54] LLVM compilation error: Cannot allocate memory
E0416 00:42:47.953277  204472 execution_engine.cc:54] LLVM compilation error: Cannot allocate memory
E0416 00:42:47.953329  204472 execution_engine.cc:54] LLVM compilation error: Cannot allocate memory
E0416 00:42:47.953381  204472 execution_engine.cc:54] LLVM compilation error: Cannot allocate memory
E0416 00:42:47.953432  204472 execution_engine.cc:54] LLVM compilation error: Cannot allocate memory
E0416 00:42:47.953484  204472 execution_engine.cc:54] LLVM compilation error: Cannot allocate memory
E0416 00:42:47.953563  204472 execution_engine.cc:54] LLVM compilation error: Cannot allocate memory
E0416 00:42:47.953628  204472 execution_engine.cc:54] LLVM compilation error: Cannot allocate memory
E0416 00:42:47.953683  204472 execution_engine.cc:54] LLVM compilation error: Cannot allocate memory
E0416 00:42:47.953735  204472 execution_engine.cc:54] LLVM compilation error: Cannot allocate memory
E0416 00:42:47.953786  204472 execution_engine.cc:54] LLVM compilation error: Cannot allocate memory
E0416 00:42:47.953838  204472 execution_engine.cc:54] LLVM compilation error: Cannot allocate memory
E0416 00:42:47.953889  204472 execution_engine.cc:54] LLVM compilation error: Cannot allocate memory
E0416 00:42:47.953941  204472 execution_engine.cc:54] LLVM compilation error: Cannot allocate memory
E0416 00:42:47.953993  204472 execution_engine.cc:54] LLVM compilation error: Cannot allocate memory
E0416 00:42:47.954044  204472 execution_engine.cc:54] LLVM compilation error: Cannot allocate memory
E0416 00:42:47.954096  204472 execution_engine.cc:54] LLVM compilation error: Cannot allocate memory
E0416 00:42:47.954147  204472 execution_engine.cc:54] LLVM compilation error: Cannot allocate memory
E0416 00:42:47.954198  204472 execution_engine.cc:54] LLVM compilation error: Cannot allocate memory
E0416 00:42:47.954249  204472 execution_engine.cc:54] LLVM compilation error: Cannot allocate memory
E0416 00:42:47.954301  204472 execution_engine.cc:54] LLVM compilation error: Cannot allocate memory
E0416 00:42:47.954357  204472 execution_engine.cc:54] LLVM compilation error: Cannot allocate memory
E0416 00:42:47.954413  204472 execution_engine.cc:54] LLVM compilation error: Cannot allocate memory
E0416 00:42:47.954466  204472 execution_engine.cc:54] LLVM compilation error: Cannot allocate memory
E0416 00:42:47.954521  204472 execution_engine.cc:54] LLVM compilation error: Cannot allocate memory
E0416 00:42:47.954573  204472 execution_engine.cc:54] LLVM compilation error: Cannot allocate memory
E0416 00:42:47.954615  204472 execution_engine.cc:54] LLVM compilation error: Cannot allocate memory
E0416 00:42:47.954673  204472 execution_engine.cc:54] LLVM compilation error: Cannot allocate memory
E0416 00:42:47.954723  204472 execution_engine.cc:54] LLVM compilation error: Cannot allocate memory
E0416 00:42:47.954744  204472 contiguous_section_memory_manager.cc:70] releaseMappedMemory failed with error: Cannot allocate memory
E0416 00:42:47.954770  204472 execution_engine.cc:54] LLVM compilation error: Cannot allocate memory
/pfs/lustrep2/scratch/project_465002609/julian/funwake/.pixi/envs/default/lib/python3.13/site-packages/jax/_src/compiler.py:783: UserWarning: Error reading persistent compilation cache entry for 'jit_while': JaxRuntimeError: INTERNAL: Failed to materialize symbols: { (<xla_jit_dylib_0>, { pad_bitcast_fusion }) }
  warnings.warn(
E0416 00:42:48.520657  211629 execution_engine.cc:54] LLVM compilation error: Cannot allocate memory
E0416 00:42:48.521356  211658 execution_engine.cc:54] LLVM compilation error: Cannot allocate memory
E0416 00:42:48.521469  211604 contiguous_section_memory_manager.cc:101] allocateMappedMemory failed with error: Cannot allocate memory
E0416 00:42:48.521586  211604 contiguous_section_memory_manager.cc:139] Failed to satisfy suballocation request for 490
LLVM ERROR: Unable to allocate section memory!
E0416 00:42:48.521666  211449 execution_engine.cc:54] LLVM compilation error: Cannot allocate memory
E0416 00:42:48.521704  211682 contiguous_section_memory_manager.cc:101] allocateMappedMemory failed with error: Cannot allocate memory
E0416 00:42:48.521907  211682 contiguous_section_memory_manager.cc:139] Failed to satisfy suballocation request for 91
LLVM ERROR: Unable to allocate section memory!
