
=== Starting at 23:45:33 ===
[dei_n50_roserowp] 500/500 seeds to run
[dei_n50_roserowp] problem loaded in 9.6s, inside candidates: 412, n_target=50

=== Starting at 23:55:45 ===
[dei_n50_roserowp] 474/500 seeds to run
[dei_n50_roserowp] problem loaded in 6.8s, inside candidates: 412, n_target=50
[dei_n50_roserowp] 50/474 done, rate=0.08/s, eta=5601s
E0416 00:13:07.976450  259102 execution_engine.cc:54] LLVM compilation error: Cannot allocate memory
E0416 00:13:07.976625  259102 execution_engine.cc:54] LLVM compilation error: Cannot allocate memory
E0416 00:13:07.976708  259102 execution_engine.cc:54] LLVM compilation error: Cannot allocate memory
E0416 00:13:07.976773  259102 execution_engine.cc:54] LLVM compilation error: Cannot allocate memory
E0416 00:13:07.976838  259102 execution_engine.cc:54] LLVM compilation error: Cannot allocate memory
E0416 00:13:07.976923  259102 execution_engine.cc:54] LLVM compilation error: Cannot allocate memory
E0416 00:13:07.977014  259102 execution_engine.cc:54] LLVM compilation error: Cannot allocate memory
E0416 00:13:07.977094  259102 execution_engine.cc:54] LLVM compilation error: Cannot allocate memory
E0416 00:13:07.977184  259102 execution_engine.cc:54] LLVM compilation error: Cannot allocate memory
E0416 00:13:07.977275  259102 execution_engine.cc:54] LLVM compilation error: Cannot allocate memory
E0416 00:13:07.977340  259102 execution_engine.cc:54] LLVM compilation error: Cannot allocate memory
E0416 00:13:07.977399  259102 execution_engine.cc:54] LLVM compilation error: Cannot allocate memory
E0416 00:13:07.977458  259102 execution_engine.cc:54] LLVM compilation error: Cannot allocate memory
E0416 00:13:07.977517  259102 execution_engine.cc:54] LLVM compilation error: Cannot allocate memory
E0416 00:13:07.977578  259102 execution_engine.cc:54] LLVM compilation error: Cannot allocate memory
E0416 00:13:07.977637  259102 execution_engine.cc:54] LLVM compilation error: Cannot allocate memory
E0416 00:13:07.977699  259102 execution_engine.cc:54] LLVM compilation error: Cannot allocate memory
E0416 00:13:07.977758  259102 execution_engine.cc:54] LLVM compilation error: Cannot allocate memory
E0416 00:13:07.977816  259102 execution_engine.cc:54] LLVM compilation error: Cannot allocate memory
E0416 00:13:07.977874  259102 execution_engine.cc:54] LLVM compilation error: Cannot allocate memory
E0416 00:13:07.977931  259102 execution_engine.cc:54] LLVM compilation error: Cannot allocate memory
E0416 00:13:07.977990  259102 execution_engine.cc:54] LLVM compilation error: Cannot allocate memory
E0416 00:13:07.978049  259102 execution_engine.cc:54] LLVM compilation error: Cannot allocate memory
E0416 00:13:07.978106  259102 execution_engine.cc:54] LLVM compilation error: Cannot allocate memory
E0416 00:13:07.978166  259102 execution_engine.cc:54] LLVM compilation error: Cannot allocate memory
E0416 00:13:07.978224  259102 execution_engine.cc:54] LLVM compilation error: Cannot allocate memory
E0416 00:13:07.978281  259102 execution_engine.cc:54] LLVM compilation error: Cannot allocate memory
E0416 00:13:07.978337  259102 execution_engine.cc:54] LLVM compilation error: Cannot allocate memory
E0416 00:13:07.978395  259102 execution_engine.cc:54] LLVM compilation error: Cannot allocate memory
E0416 00:13:07.978451  259102 execution_engine.cc:54] LLVM compilation error: Cannot allocate memory
E0416 00:13:07.978509  259102 execution_engine.cc:54] LLVM compilation error: Cannot allocate memory
E0416 00:13:07.978567  259102 execution_engine.cc:54] LLVM compilation error: Cannot allocate memory
E0416 00:13:07.978625  259102 execution_engine.cc:54] LLVM compilation error: Cannot allocate memory
E0416 00:13:07.978682  259102 execution_engine.cc:54] LLVM compilation error: Cannot allocate memory
E0416 00:13:07.978740  259102 execution_engine.cc:54] LLVM compilation error: Cannot allocate memory
E0416 00:13:07.978798  259102 execution_engine.cc:54] LLVM compilation error: Cannot allocate memory
E0416 00:13:07.978855  259102 execution_engine.cc:54] LLVM compilation error: Cannot allocate memory
E0416 00:13:07.978912  259102 execution_engine.cc:54] LLVM compilation error: Cannot allocate memory
E0416 00:13:07.978988  259102 execution_engine.cc:54] LLVM compilation error: Cannot allocate memory
E0416 00:13:07.979047  259102 execution_engine.cc:54] LLVM compilation error: Cannot allocate memory
E0416 00:13:07.979105  259102 execution_engine.cc:54] LLVM compilation error: Cannot allocate memory
E0416 00:13:07.979162  259102 execution_engine.cc:54] LLVM compilation error: Cannot allocate memory
E0416 00:13:07.979220  259102 execution_engine.cc:54] LLVM compilation error: Cannot allocate memory
E0416 00:13:07.979276  259102 execution_engine.cc:54] LLVM compilation error: Cannot allocate memory
E0416 00:13:07.979338  259102 execution_engine.cc:54] LLVM compilation error: Cannot allocate memory
E0416 00:13:07.979403  259102 execution_engine.cc:54] LLVM compilation error: Cannot allocate memory
E0416 00:13:07.979465  259102 execution_engine.cc:54] LLVM compilation error: Cannot allocate memory
E0416 00:13:07.979532  259102 execution_engine.cc:54] LLVM compilation error: Cannot allocate memory
E0416 00:13:07.979590  259102 execution_engine.cc:54] LLVM compilation error: Cannot allocate memory
E0416 00:13:07.979645  259102 execution_engine.cc:54] LLVM compilation error: Cannot allocate memory
E0416 00:13:07.979708  259102 execution_engine.cc:54] LLVM compilation error: Cannot allocate memory
E0416 00:13:07.979772  259102 execution_engine.cc:54] LLVM compilation error: Cannot allocate memory
E0416 00:13:07.979819  259102 execution_engine.cc:54] LLVM compilation error: Cannot allocate memory
/pfs/lustrep2/scratch/project_465002609/julian/funwake/.pixi/envs/default/lib/python3.13/site-packages/jax/_src/compiler.py:783: UserWarning: Error reading persistent compilation cache entry for 'jit_while': JaxRuntimeError: INTERNAL: Failed to materialize symbols: { (<xla_jit_dylib_0>, { select_divide_fusion }) }
  warnings.warn(
E0416 00:13:08.629060    3109 execution_engine.cc:54] LLVM compilation error: Cannot allocate memory
E0416 00:13:08.629435    2699 execution_engine.cc:54] LLVM compilation error: Cannot allocate memory
E0416 00:13:08.629675    2712 execution_engine.cc:54] LLVM compilation error: Cannot allocate memory
E0416 00:13:08.629895    2804 execution_engine.cc:54] LLVM compilation error: Cannot allocate memory
E0416 00:13:08.631038    2967 execution_engine.cc:54] LLVM compilation error: Cannot allocate memory
E0416 00:13:08.631056    2851 execution_engine.cc:54] LLVM compilation error: Cannot allocate memory
E0416 00:13:08.631804    3095 execution_engine.cc:54] LLVM compilation error: Cannot allocate memory
E0416 00:13:08.632251    2835 execution_engine.cc:54] LLVM compilation error: Cannot allocate memory
E0416 00:13:08.632621    3042 execution_engine.cc:54] LLVM compilation error: Cannot allocate memory
E0416 00:13:08.632892    2699 execution_engine.cc:54] LLVM compilation error: Cannot allocate memory
E0416 00:13:08.634300    3151 execution_engine.cc:54] LLVM compilation error: Cannot allocate memory
E0416 00:13:08.634535    2948 execution_engine.cc:54] LLVM compilation error: Cannot allocate memory
E0416 00:13:08.634745    2742 execution_engine.cc:54] LLVM compilation error: Cannot allocate memory
E0416 00:13:08.635045    2758 execution_engine.cc:54] LLVM compilation error: Cannot allocate memory
E0416 00:13:08.635185    3079 execution_engine.cc:54] LLVM compilation error: Cannot allocate memory
E0416 00:13:08.635656    3013 execution_engine.cc:54] LLVM compilation error: Cannot allocate memory
E0416 00:13:08.635683    3061 execution_engine.cc:54] LLVM compilation error: Cannot allocate memory
E0416 00:13:08.635692    2820 contiguous_section_memory_manager.cc:101] allocateMappedMemory failed with error: Cannot allocate memory
E0416 00:13:08.635841    2820 contiguous_section_memory_manager.cc:139] Failed to satisfy suballocation request for 140
LLVM ERROR: Unable to allocate section memory!

=== Starting at 00:21:44 ===
[dei_n50_roserowp] 398/500 seeds to run
[dei_n50_roserowp] problem loaded in 8.8s, inside candidates: 412, n_target=50
[dei_n50_roserowp] 50/398 done, rate=0.09/s, eta=3956s
E0416 00:36:26.894871  204475 execution_engine.cc:54] LLVM compilation error: Cannot allocate memory
E0416 00:36:26.895072  204475 execution_engine.cc:54] LLVM compilation error: Cannot allocate memory
E0416 00:36:26.895163  204475 execution_engine.cc:54] LLVM compilation error: Cannot allocate memory
E0416 00:36:26.895243  204475 execution_engine.cc:54] LLVM compilation error: Cannot allocate memory
E0416 00:36:26.895321  204475 execution_engine.cc:54] LLVM compilation error: Cannot allocate memory
E0416 00:36:26.895396  204475 execution_engine.cc:54] LLVM compilation error: Cannot allocate memory
E0416 00:36:26.895473  204475 execution_engine.cc:54] LLVM compilation error: Cannot allocate memory
E0416 00:36:26.895554  204475 execution_engine.cc:54] LLVM compilation error: Cannot allocate memory
E0416 00:36:26.895640  204475 execution_engine.cc:54] LLVM compilation error: Cannot allocate memory
E0416 00:36:26.895737  204475 execution_engine.cc:54] LLVM compilation error: Cannot allocate memory
E0416 00:36:26.895822  204475 execution_engine.cc:54] LLVM compilation error: Cannot allocate memory
E0416 00:36:26.895907  204475 execution_engine.cc:54] LLVM compilation error: Cannot allocate memory
E0416 00:36:26.895982  204475 execution_engine.cc:54] LLVM compilation error: Cannot allocate memory
E0416 00:36:26.896050  204475 execution_engine.cc:54] LLVM compilation error: Cannot allocate memory
E0416 00:36:26.896118  204475 execution_engine.cc:54] LLVM compilation error: Cannot allocate memory
E0416 00:36:26.896185  204475 execution_engine.cc:54] LLVM compilation error: Cannot allocate memory
E0416 00:36:26.896251  204475 execution_engine.cc:54] LLVM compilation error: Cannot allocate memory
E0416 00:36:26.896321  204475 execution_engine.cc:54] LLVM compilation error: Cannot allocate memory
E0416 00:36:26.896409  204475 execution_engine.cc:54] LLVM compilation error: Cannot allocate memory
E0416 00:36:26.896499  204475 execution_engine.cc:54] LLVM compilation error: Cannot allocate memory
E0416 00:36:26.896567  204475 execution_engine.cc:54] LLVM compilation error: Cannot allocate memory
E0416 00:36:26.896630  204475 execution_engine.cc:54] LLVM compilation error: Cannot allocate memory
E0416 00:36:26.896692  204475 execution_engine.cc:54] LLVM compilation error: Cannot allocate memory
E0416 00:36:26.896776  204475 execution_engine.cc:54] LLVM compilation error: Cannot allocate memory
E0416 00:36:26.896846  204475 execution_engine.cc:54] LLVM compilation error: Cannot allocate memory
E0416 00:36:26.896916  204475 execution_engine.cc:54] LLVM compilation error: Cannot allocate memory
E0416 00:36:26.896983  204475 execution_engine.cc:54] LLVM compilation error: Cannot allocate memory
E0416 00:36:26.897047  204475 execution_engine.cc:54] LLVM compilation error: Cannot allocate memory
E0416 00:36:26.897109  204475 execution_engine.cc:54] LLVM compilation error: Cannot allocate memory
E0416 00:36:26.897170  204475 execution_engine.cc:54] LLVM compilation error: Cannot allocate memory
E0416 00:36:26.897232  204475 execution_engine.cc:54] LLVM compilation error: Cannot allocate memory
E0416 00:36:26.897295  204475 execution_engine.cc:54] LLVM compilation error: Cannot allocate memory
E0416 00:36:26.897356  204475 execution_engine.cc:54] LLVM compilation error: Cannot allocate memory
E0416 00:36:26.897419  204475 execution_engine.cc:54] LLVM compilation error: Cannot allocate memory
E0416 00:36:26.897481  204475 execution_engine.cc:54] LLVM compilation error: Cannot allocate memory
E0416 00:36:26.897543  204475 execution_engine.cc:54] LLVM compilation error: Cannot allocate memory
E0416 00:36:26.897605  204475 execution_engine.cc:54] LLVM compilation error: Cannot allocate memory
E0416 00:36:26.897666  204475 execution_engine.cc:54] LLVM compilation error: Cannot allocate memory
E0416 00:36:26.897727  204475 execution_engine.cc:54] LLVM compilation error: Cannot allocate memory
E0416 00:36:26.897788  204475 execution_engine.cc:54] LLVM compilation error: Cannot allocate memory
E0416 00:36:26.897865  204475 execution_engine.cc:54] LLVM compilation error: Cannot allocate memory
E0416 00:36:26.897928  204475 execution_engine.cc:54] LLVM compilation error: Cannot allocate memory
E0416 00:36:26.897990  204475 execution_engine.cc:54] LLVM compilation error: Cannot allocate memory
E0416 00:36:26.898051  204475 execution_engine.cc:54] LLVM compilation error: Cannot allocate memory
E0416 00:36:26.898113  204475 execution_engine.cc:54] LLVM compilation error: Cannot allocate memory
E0416 00:36:26.898174  204475 execution_engine.cc:54] LLVM compilation error: Cannot allocate memory
E0416 00:36:26.898235  204475 execution_engine.cc:54] LLVM compilation error: Cannot allocate memory
E0416 00:36:26.898297  204475 execution_engine.cc:54] LLVM compilation error: Cannot allocate memory
E0416 00:36:26.898358  204475 execution_engine.cc:54] LLVM compilation error: Cannot allocate memory
E0416 00:36:26.898421  204475 execution_engine.cc:54] LLVM compilation error: Cannot allocate memory
E0416 00:36:26.898482  204475 execution_engine.cc:54] LLVM compilation error: Cannot allocate memory
E0416 00:36:26.898544  204475 execution_engine.cc:54] LLVM compilation error: Cannot allocate memory
E0416 00:36:26.898604  204475 execution_engine.cc:54] LLVM compilation error: Cannot allocate memory
E0416 00:36:26.898665  204475 execution_engine.cc:54] LLVM compilation error: Cannot allocate memory
E0416 00:36:26.898731  204475 execution_engine.cc:54] LLVM compilation error: Cannot allocate memory
E0416 00:36:26.898803  204475 execution_engine.cc:54] LLVM compilation error: Cannot allocate memory
E0416 00:36:26.898869  204475 execution_engine.cc:54] LLVM compilation error: Cannot allocate memory
E0416 00:36:26.898936  204475 execution_engine.cc:54] LLVM compilation error: Cannot allocate memory
E0416 00:36:26.898999  204475 execution_engine.cc:54] LLVM compilation error: Cannot allocate memory
E0416 00:36:26.899056  204475 execution_engine.cc:54] LLVM compilation error: Cannot allocate memory
E0416 00:36:26.899124  204475 execution_engine.cc:54] LLVM compilation error: Cannot allocate memory
E0416 00:36:26.899183  204475 execution_engine.cc:54] LLVM compilation error: Cannot allocate memory
E0416 00:36:26.899234  204475 execution_engine.cc:54] LLVM compilation error: Cannot allocate memory
/pfs/lustrep2/scratch/project_465002609/julian/funwake/.pixi/envs/default/lib/python3.13/site-packages/jax/_src/compiler.py:783: UserWarning: Error reading persistent compilation cache entry for 'jit_while': JaxRuntimeError: INTERNAL: Failed to materialize symbols: { (<xla_jit_dylib_0>, { negate_bitcast_fusion.2 }) }
  warnings.warn(
E0416 00:36:27.503202  211316 execution_engine.cc:54] LLVM compilation error: Cannot allocate memory
E0416 00:36:27.503867  211640 execution_engine.cc:54] LLVM compilation error: Cannot allocate memory
E0416 00:36:27.503945  211534 execution_engine.cc:54] LLVM compilation error: Cannot allocate memory
E0416 00:36:27.504195  211523 execution_engine.cc:54] LLVM compilation error: Cannot allocate memory
E0416 00:36:27.504428  211545 execution_engine.cc:54] LLVM compilation error: Cannot allocate memory
E0416 00:36:27.504610  211382 execution_engine.cc:54] LLVM compilation error: Cannot allocate memory
E0416 00:36:27.504888  211429 execution_engine.cc:54] LLVM compilation error: Cannot allocate memory
E0416 00:36:27.505330  211663 execution_engine.cc:54] LLVM compilation error: Cannot allocate memory
E0416 00:36:27.505349  211513 execution_engine.cc:54] LLVM compilation error: Cannot allocate memory
E0416 00:36:27.505515  211333 execution_engine.cc:54] LLVM compilation error: Cannot allocate memory
E0416 00:36:27.505752  211503 execution_engine.cc:54] LLVM compilation error: Cannot allocate memory
E0416 00:36:27.506614  211595 execution_engine.cc:54] LLVM compilation error: Cannot allocate memory
E0416 00:36:27.506967  211586 execution_engine.cc:54] LLVM compilation error: Cannot allocate memory
E0416 00:36:27.507728  211322 execution_engine.cc:54] LLVM compilation error: Cannot allocate memory
E0416 00:36:27.507827  211523 execution_engine.cc:54] LLVM compilation error: Cannot allocate memory
E0416 00:36:27.508504  211577 execution_engine.cc:54] LLVM compilation error: Cannot allocate memory
E0416 00:36:27.508730  211545 execution_engine.cc:54] LLVM compilation error: Cannot allocate memory
E0416 00:36:27.508899  211333 execution_engine.cc:54] LLVM compilation error: Cannot allocate memory
E0416 00:36:27.508987  211465 execution_engine.cc:54] LLVM compilation error: Cannot allocate memory
E0416 00:36:27.509170  211567 execution_engine.cc:54] LLVM compilation error: Cannot allocate memory
E0416 00:36:27.510021  211382 execution_engine.cc:54] LLVM compilation error: Cannot allocate memory
E0416 00:36:27.510485  211607 execution_engine.cc:54] LLVM compilation error: Cannot allocate memory
E0416 00:36:27.511293  211640 execution_engine.cc:54] LLVM compilation error: Cannot allocate memory
E0416 00:36:27.511412  211356 execution_engine.cc:54] LLVM compilation error: Cannot allocate memory
E0416 00:36:27.511853  211663 execution_engine.cc:54] LLVM compilation error: Cannot allocate memory
E0416 00:36:27.512076  211420 execution_engine.cc:54] LLVM compilation error: Cannot allocate memory
E0416 00:36:27.512679  211545 execution_engine.cc:54] LLVM compilation error: Cannot allocate memory
E0416 00:36:27.512889  211652 execution_engine.cc:54] LLVM compilation error: Cannot allocate memory
E0416 00:36:27.513068  211477 execution_engine.cc:54] LLVM compilation error: Cannot allocate memory
E0416 00:36:27.513169  211618 execution_engine.cc:54] LLVM compilation error: Cannot allocate memory
E0416 00:36:27.513399  211344 execution_engine.cc:54] LLVM compilation error: Cannot allocate memory
E0416 00:36:27.513454  211523 execution_engine.cc:54] LLVM compilation error: Cannot allocate memory
E0416 00:36:27.513618  211534 execution_engine.cc:54] LLVM compilation error: Cannot allocate memory
E0416 00:36:27.513777  211429 execution_engine.cc:54] LLVM compilation error: Cannot allocate memory
E0416 00:36:27.513973  211513 execution_engine.cc:54] LLVM compilation error: Cannot allocate memory
E0416 00:36:27.514257  211316 execution_engine.cc:54] LLVM compilation error: Cannot allocate memory
E0416 00:36:27.514350  211443 execution_engine.cc:54] LLVM compilation error: Cannot allocate memory
E0416 00:36:27.514573  211503 execution_engine.cc:54] LLVM compilation error: Cannot allocate memory
E0416 00:36:27.515429  211628 execution_engine.cc:54] LLVM compilation error: Cannot allocate memory
E0416 00:36:27.515797  211356 execution_engine.cc:54] LLVM compilation error: Cannot allocate memory
E0416 00:36:27.516095  211322 execution_engine.cc:54] LLVM compilation error: Cannot allocate memory
E0416 00:36:27.516232  211402 execution_engine.cc:54] LLVM compilation error: Cannot allocate memory
E0416 00:36:27.516352  211372 execution_engine.cc:54] LLVM compilation error: Cannot allocate memory
E0416 00:36:27.516709  211577 execution_engine.cc:54] LLVM compilation error: Cannot allocate memory
E0416 00:36:27.517650  211333 execution_engine.cc:54] LLVM compilation error: Cannot allocate memory
E0416 00:36:27.517767  211465 execution_engine.cc:54] LLVM compilation error: Cannot allocate memory
E0416 00:36:27.517892  211545 execution_engine.cc:54] LLVM compilation error: Cannot allocate memory
E0416 00:36:27.518147  211344 execution_engine.cc:54] LLVM compilation error: Cannot allocate memory
E0416 00:36:27.519184  211607 execution_engine.cc:54] LLVM compilation error: Cannot allocate memory
E0416 00:36:27.519296  211586 execution_engine.cc:54] LLVM compilation error: Cannot allocate memory
E0416 00:36:27.521924  211382 execution_engine.cc:54] LLVM compilation error: Cannot allocate memory
E0416 00:36:27.522588  211595 execution_engine.cc:54] LLVM compilation error: Cannot allocate memory
E0416 00:36:27.523464  211652 execution_engine.cc:54] LLVM compilation error: Cannot allocate memory
E0416 00:36:27.524359  211489 execution_engine.cc:54] LLVM compilation error: Cannot allocate memory
E0416 00:36:27.525223  211477 execution_engine.cc:54] LLVM compilation error: Cannot allocate memory
E0416 00:36:27.525596  211640 execution_engine.cc:54] LLVM compilation error: Cannot allocate memory
E0416 00:36:27.526490  211420 execution_engine.cc:54] LLVM compilation error: Cannot allocate memory
E0416 00:36:27.527257  211618 execution_engine.cc:54] LLVM compilation error: Cannot allocate memory
E0416 00:36:27.529397  211454 execution_engine.cc:54] LLVM compilation error: Cannot allocate memory
E0416 00:36:27.533560  211663 execution_engine.cc:54] LLVM compilation error: Cannot allocate memory
E0416 00:36:27.535041  211391 execution_engine.cc:54] LLVM compilation error: Cannot allocate memory
E0416 00:36:27.556608  211556 execution_engine.cc:54] LLVM compilation error: Cannot allocate memory
E0416 00:36:27.570372  211567 execution_engine.cc:54] LLVM compilation error: Cannot allocate memory
E0416 00:36:28.128319  204475 execution_engine.cc:54] LLVM compilation error: Cannot allocate memory
E0416 00:36:28.128482  204475 execution_engine.cc:54] LLVM compilation error: Cannot allocate memory
E0416 00:36:28.128545  204475 execution_engine.cc:54] LLVM compilation error: Cannot allocate memory
E0416 00:36:28.128606  204475 execution_engine.cc:54] LLVM compilation error: Cannot allocate memory
E0416 00:36:28.128665  204475 execution_engine.cc:54] LLVM compilation error: Cannot allocate memory
E0416 00:36:28.128725  204475 execution_engine.cc:54] LLVM compilation error: Cannot allocate memory
E0416 00:36:28.128829  204475 execution_engine.cc:54] LLVM compilation error: Cannot allocate memory
E0416 00:36:28.128891  204475 execution_engine.cc:54] LLVM compilation error: Cannot allocate memory
E0416 00:36:28.128949  204475 execution_engine.cc:54] LLVM compilation error: Cannot allocate memory
E0416 00:36:28.129006  204475 execution_engine.cc:54] LLVM compilation error: Cannot allocate memory
E0416 00:36:28.129066  204475 execution_engine.cc:54] LLVM compilation error: Cannot allocate memory
E0416 00:36:28.129130  204475 execution_engine.cc:54] LLVM compilation error: Cannot allocate memory
E0416 00:36:28.129191  204475 execution_engine.cc:54] LLVM compilation error: Cannot allocate memory
E0416 00:36:28.129255  204475 execution_engine.cc:54] LLVM compilation error: Cannot allocate memory
/pfs/lustrep2/scratch/project_465002609/julian/funwake/.pixi/envs/default/lib/python3.13/site-packages/jax/_src/compiler.py:783: UserWarning: Error reading persistent compilation cache entry for 'jit_scan': JaxRuntimeError: INTERNAL: Failed to materialize symbols: { (<xla_jit_dylib_0>, { subtract_bitcast_fusion }) }
  warnings.warn(
E0416 00:36:28.374508  211372 execution_engine.cc:54] LLVM compilation error: Cannot allocate memory
E0416 00:36:28.375353  211595 execution_engine.cc:54] LLVM compilation error: Cannot allocate memory
E0416 00:36:28.375668  211333 execution_engine.cc:54] LLVM compilation error: Cannot allocate memory
E0416 00:36:28.376524  211586 execution_engine.cc:54] LLVM compilation error: Cannot allocate memory
E0416 00:36:28.376659  211391 execution_engine.cc:54] LLVM compilation error: Cannot allocate memory
E0416 00:36:28.377676  211503 execution_engine.cc:54] LLVM compilation error: Cannot allocate memory
E0416 00:36:28.378656  211489 execution_engine.cc:54] LLVM compilation error: Cannot allocate memory
E0416 00:36:28.378898  211618 execution_engine.cc:54] LLVM compilation error: Cannot allocate memory
E0416 00:36:28.379095  211356 execution_engine.cc:54] LLVM compilation error: Cannot allocate memory
E0416 00:36:28.380406  211344 execution_engine.cc:54] LLVM compilation error: Cannot allocate memory
E0416 00:36:28.380963  211652 execution_engine.cc:54] LLVM compilation error: Cannot allocate memory
E0416 00:36:28.384833  211402 execution_engine.cc:54] LLVM compilation error: Cannot allocate memory
E0416 00:36:28.385630  211567 execution_engine.cc:54] LLVM compilation error: Cannot allocate memory
E0416 00:36:28.398366  211545 execution_engine.cc:54] LLVM compilation error: Cannot allocate memory
E0416 00:36:28.890099  204475 execution_engine.cc:54] LLVM compilation error: Cannot allocate memory
E0416 00:36:28.890281  204475 execution_engine.cc:54] LLVM compilation error: Cannot allocate memory
E0416 00:36:28.890356  204475 execution_engine.cc:54] LLVM compilation error: Cannot allocate memory
E0416 00:36:28.890423  204475 execution_engine.cc:54] LLVM compilation error: Cannot allocate memory
E0416 00:36:28.890487  204475 execution_engine.cc:54] LLVM compilation error: Cannot allocate memory
E0416 00:36:28.890548  204475 execution_engine.cc:54] LLVM compilation error: Cannot allocate memory
E0416 00:36:28.890609  204475 execution_engine.cc:54] LLVM compilation error: Cannot allocate memory
E0416 00:36:28.890672  204475 execution_engine.cc:54] LLVM compilation error: Cannot allocate memory
E0416 00:36:28.890734  204475 execution_engine.cc:54] LLVM compilation error: Cannot allocate memory
E0416 00:36:28.890797  204475 execution_engine.cc:54] LLVM compilation error: Cannot allocate memory
E0416 00:36:28.890863  204475 execution_engine.cc:54] LLVM compilation error: Cannot allocate memory
E0416 00:36:28.890925  204475 execution_engine.cc:54] LLVM compilation error: Cannot allocate memory
E0416 00:36:28.890985  204475 execution_engine.cc:54] LLVM compilation error: Cannot allocate memory
E0416 00:36:28.891045  204475 execution_engine.cc:54] LLVM compilation error: Cannot allocate memory
E0416 00:36:28.891112  204475 execution_engine.cc:54] LLVM compilation error: Cannot allocate memory
E0416 00:36:28.891173  204475 execution_engine.cc:54] LLVM compilation error: Cannot allocate memory
E0416 00:36:28.891233  204475 execution_engine.cc:54] LLVM compilation error: Cannot allocate memory
E0416 00:36:28.891295  204475 execution_engine.cc:54] LLVM compilation error: Cannot allocate memory
E0416 00:36:28.891362  204475 execution_engine.cc:54] LLVM compilation error: Cannot allocate memory
E0416 00:36:28.891439  204475 execution_engine.cc:54] LLVM compilation error: Cannot allocate memory
E0416 00:36:28.891500  204475 execution_engine.cc:54] LLVM compilation error: Cannot allocate memory
E0416 00:36:28.891557  204475 execution_engine.cc:54] LLVM compilation error: Cannot allocate memory
E0416 00:36:28.891614  204475 execution_engine.cc:54] LLVM compilation error: Cannot allocate memory
E0416 00:36:28.891675  204475 execution_engine.cc:54] LLVM compilation error: Cannot allocate memory
E0416 00:36:28.891740  204475 execution_engine.cc:54] LLVM compilation error: Cannot allocate memory
E0416 00:36:28.891808  204475 execution_engine.cc:54] LLVM compilation error: Cannot allocate memory
E0416 00:36:28.891869  204475 execution_engine.cc:54] LLVM compilation error: Cannot allocate memory
E0416 00:36:28.891932  204475 execution_engine.cc:54] LLVM compilation error: Cannot allocate memory
E0416 00:36:28.891995  204475 execution_engine.cc:54] LLVM compilation error: Cannot allocate memory
E0416 00:36:28.892055  204475 execution_engine.cc:54] LLVM compilation error: Cannot allocate memory
E0416 00:36:28.892116  204475 execution_engine.cc:54] LLVM compilation error: Cannot allocate memory
E0416 00:36:28.892179  204475 execution_engine.cc:54] LLVM compilation error: Cannot allocate memory
E0416 00:36:28.892239  204475 execution_engine.cc:54] LLVM compilation error: Cannot allocate memory
E0416 00:36:28.892299  204475 execution_engine.cc:54] LLVM compilation error: Cannot allocate memory
E0416 00:36:28.892359  204475 execution_engine.cc:54] LLVM compilation error: Cannot allocate memory
E0416 00:36:28.892419  204475 execution_engine.cc:54] LLVM compilation error: Cannot allocate memory
E0416 00:36:28.892476  204475 execution_engine.cc:54] LLVM compilation error: Cannot allocate memory
E0416 00:36:28.892536  204475 execution_engine.cc:54] LLVM compilation error: Cannot allocate memory
E0416 00:36:28.892593  204475 execution_engine.cc:54] LLVM compilation error: Cannot allocate memory
E0416 00:36:28.892649  204475 execution_engine.cc:54] LLVM compilation error: Cannot allocate memory
E0416 00:36:28.892704  204475 execution_engine.cc:54] LLVM compilation error: Cannot allocate memory
E0416 00:36:28.892787  204475 execution_engine.cc:54] LLVM compilation error: Cannot allocate memory
E0416 00:36:28.892860  204475 execution_engine.cc:54] LLVM compilation error: Cannot allocate memory
E0416 00:36:28.892919  204475 execution_engine.cc:54] LLVM compilation error: Cannot allocate memory
E0416 00:36:28.892977  204475 execution_engine.cc:54] LLVM compilation error: Cannot allocate memory
E0416 00:36:28.893034  204475 execution_engine.cc:54] LLVM compilation error: Cannot allocate memory
E0416 00:36:28.893091  204475 execution_engine.cc:54] LLVM compilation error: Cannot allocate memory
E0416 00:36:28.893148  204475 execution_engine.cc:54] LLVM compilation error: Cannot allocate memory
E0416 00:36:28.893208  204475 execution_engine.cc:54] LLVM compilation error: Cannot allocate memory
E0416 00:36:28.893272  204475 execution_engine.cc:54] LLVM compilation error: Cannot allocate memory
/pfs/lustrep2/scratch/project_465002609/julian/funwake/.pixi/envs/default/lib/python3.13/site-packages/jax/_src/compiler.py:783: UserWarning: Error reading persistent compilation cache entry for 'jit_scan': JaxRuntimeError: INTERNAL: Failed to materialize symbols: { (<xla_jit_dylib_0>, { broadcast_add_fusion.1 }) }
  warnings.warn(
E0416 00:36:29.134541  211322 execution_engine.cc:54] LLVM compilation error: Cannot allocate memory
E0416 00:36:29.134835  211567 execution_engine.cc:54] LLVM compilation error: Cannot allocate memory
E0416 00:36:29.134894  211333 execution_engine.cc:54] LLVM compilation error: Cannot allocate memory
E0416 00:36:29.135021  211356 execution_engine.cc:54] LLVM compilation error: Cannot allocate memory
E0416 00:36:29.135616  211618 execution_engine.cc:54] LLVM compilation error: Cannot allocate memory
E0416 00:36:29.136223  211344 execution_engine.cc:54] LLVM compilation error: Cannot allocate memory
E0416 00:36:29.136383  211595 execution_engine.cc:54] LLVM compilation error: Cannot allocate memory
E0416 00:36:29.136495  211503 execution_engine.cc:54] LLVM compilation error: Cannot allocate memory
E0416 00:36:29.136878  211402 execution_engine.cc:54] LLVM compilation error: Cannot allocate memory
E0416 00:36:29.137202  211443 execution_engine.cc:54] LLVM compilation error: Cannot allocate memory
E0416 00:36:29.137276  211607 execution_engine.cc:54] LLVM compilation error: Cannot allocate memory
E0416 00:36:29.138367  211465 execution_engine.cc:54] LLVM compilation error: Cannot allocate memory
E0416 00:36:29.138664  211316 execution_engine.cc:54] LLVM compilation error: Cannot allocate memory
E0416 00:36:29.138834  211534 execution_engine.cc:54] LLVM compilation error: Cannot allocate memory
E0416 00:36:29.139501  211382 execution_engine.cc:54] LLVM compilation error: Cannot allocate memory
E0416 00:36:29.139700  211372 execution_engine.cc:54] LLVM compilation error: Cannot allocate memory
E0416 00:36:29.140536  211523 execution_engine.cc:54] LLVM compilation error: Cannot allocate memory
E0416 00:36:29.140793  211454 execution_engine.cc:54] LLVM compilation error: Cannot allocate memory
E0416 00:36:29.140923  211640 execution_engine.cc:54] LLVM compilation error: Cannot allocate memory
E0416 00:36:29.141256  211322 execution_engine.cc:54] LLVM compilation error: Cannot allocate memory
E0416 00:36:29.141410  211344 execution_engine.cc:54] LLVM compilation error: Cannot allocate memory
E0416 00:36:29.141680  211465 execution_engine.cc:54] LLVM compilation error: Cannot allocate memory
E0416 00:36:29.141991  211429 execution_engine.cc:54] LLVM compilation error: Cannot allocate memory
E0416 00:36:29.142138  211577 execution_engine.cc:54] LLVM compilation error: Cannot allocate memory
E0416 00:36:29.142558  211420 execution_engine.cc:54] LLVM compilation error: Cannot allocate memory
E0416 00:36:29.142622  211316 execution_engine.cc:54] LLVM compilation error: Cannot allocate memory
E0416 00:36:29.142975  211663 execution_engine.cc:54] LLVM compilation error: Cannot allocate memory
E0416 00:36:29.142998  211443 execution_engine.cc:54] LLVM compilation error: Cannot allocate memory
E0416 00:36:29.143199  211567 execution_engine.cc:54] LLVM compilation error: Cannot allocate memory
E0416 00:36:29.143366  211391 execution_engine.cc:54] LLVM compilation error: Cannot allocate memory
E0416 00:36:29.143540  211628 execution_engine.cc:54] LLVM compilation error: Cannot allocate memory
E0416 00:36:29.143807  211545 execution_engine.cc:54] LLVM compilation error: Cannot allocate memory
E0416 00:36:29.144684  211333 execution_engine.cc:54] LLVM compilation error: Cannot allocate memory
E0416 00:36:29.145604  211382 execution_engine.cc:54] LLVM compilation error: Cannot allocate memory
E0416 00:36:29.145834  211556 execution_engine.cc:54] LLVM compilation error: Cannot allocate memory
E0416 00:36:29.146467  211652 execution_engine.cc:54] LLVM compilation error: Cannot allocate memory
E0416 00:36:29.147295  211356 execution_engine.cc:54] LLVM compilation error: Cannot allocate memory
E0416 00:36:29.147932  211454 execution_engine.cc:54] LLVM compilation error: Cannot allocate memory
E0416 00:36:29.148343  211607 execution_engine.cc:54] LLVM compilation error: Cannot allocate memory
E0416 00:36:29.148747  211402 execution_engine.cc:54] LLVM compilation error: Cannot allocate memory
E0416 00:36:29.149081  211618 execution_engine.cc:54] LLVM compilation error: Cannot allocate memory
E0416 00:36:29.149255  211534 execution_engine.cc:54] LLVM compilation error: Cannot allocate memory
E0416 00:36:29.149430  211586 execution_engine.cc:54] LLVM compilation error: Cannot allocate memory
E0416 00:36:29.149816  211513 execution_engine.cc:54] LLVM compilation error: Cannot allocate memory
E0416 00:36:29.149908  211595 execution_engine.cc:54] LLVM compilation error: Cannot allocate memory
E0416 00:36:29.153106  211523 execution_engine.cc:54] LLVM compilation error: Cannot allocate memory
E0416 00:36:29.153466  211477 execution_engine.cc:54] LLVM compilation error: Cannot allocate memory
E0416 00:36:29.154674  211503 execution_engine.cc:54] LLVM compilation error: Cannot allocate memory
E0416 00:36:29.157158  211372 execution_engine.cc:54] LLVM compilation error: Cannot allocate memory
E0416 00:36:29.170269  211489 execution_engine.cc:54] LLVM compilation error: Cannot allocate memory
E0416 00:36:29.410337  204475 execution_engine.cc:54] LLVM compilation error: Cannot allocate memory
E0416 00:36:29.410493  204475 execution_engine.cc:54] LLVM compilation error: Cannot allocate memory
E0416 00:36:29.410569  204475 execution_engine.cc:54] LLVM compilation error: Cannot allocate memory
E0416 00:36:29.410636  204475 execution_engine.cc:54] LLVM compilation error: Cannot allocate memory
E0416 00:36:29.410701  204475 execution_engine.cc:54] LLVM compilation error: Cannot allocate memory
E0416 00:36:29.410764  204475 execution_engine.cc:54] LLVM compilation error: Cannot allocate memory
E0416 00:36:29.410827  204475 execution_engine.cc:54] LLVM compilation error: Cannot allocate memory
E0416 00:36:29.410894  204475 execution_engine.cc:54] LLVM compilation error: Cannot allocate memory
E0416 00:36:29.410962  204475 execution_engine.cc:54] LLVM compilation error: Cannot allocate memory
E0416 00:36:29.411031  204475 execution_engine.cc:54] LLVM compilation error: Cannot allocate memory
E0416 00:36:29.411111  204475 execution_engine.cc:54] LLVM compilation error: Cannot allocate memory
E0416 00:36:29.411179  204475 execution_engine.cc:54] LLVM compilation error: Cannot allocate memory
E0416 00:36:29.411241  204475 execution_engine.cc:54] LLVM compilation error: Cannot allocate memory
E0416 00:36:29.411304  204475 execution_engine.cc:54] LLVM compilation error: Cannot allocate memory
E0416 00:36:29.411365  204475 execution_engine.cc:54] LLVM compilation error: Cannot allocate memory
E0416 00:36:29.411448  204475 execution_engine.cc:54] LLVM compilation error: Cannot allocate memory
E0416 00:36:29.411532  204475 execution_engine.cc:54] LLVM compilation error: Cannot allocate memory
E0416 00:36:29.411594  204475 execution_engine.cc:54] LLVM compilation error: Cannot allocate memory
E0416 00:36:29.411654  204475 execution_engine.cc:54] LLVM compilation error: Cannot allocate memory
E0416 00:36:29.411712  204475 execution_engine.cc:54] LLVM compilation error: Cannot allocate memory
E0416 00:36:29.411796  204475 execution_engine.cc:54] LLVM compilation error: Cannot allocate memory
E0416 00:36:29.411857  204475 execution_engine.cc:54] LLVM compilation error: Cannot allocate memory
E0416 00:36:29.411915  204475 execution_engine.cc:54] LLVM compilation error: Cannot allocate memory
E0416 00:36:29.411974  204475 execution_engine.cc:54] LLVM compilation error: Cannot allocate memory
E0416 00:36:29.412034  204475 execution_engine.cc:54] LLVM compilation error: Cannot allocate memory
E0416 00:36:29.412097  204475 execution_engine.cc:54] LLVM compilation error: Cannot allocate memory
E0416 00:36:29.412182  204475 execution_engine.cc:54] LLVM compilation error: Cannot allocate memory
E0416 00:36:29.412246  204475 execution_engine.cc:54] LLVM compilation error: Cannot allocate memory
/pfs/lustrep2/scratch/project_465002609/julian/funwake/.pixi/envs/default/lib/python3.13/site-packages/jax/_src/compiler.py:783: UserWarning: Error reading persistent compilation cache entry for 'jit_scan': JaxRuntimeError: INTERNAL: Failed to materialize symbols: { (<xla_jit_dylib_0>, { broadcast_maximum_fusion }) }
  warnings.warn(
E0416 00:36:29.565109  211372 execution_engine.cc:54] LLVM compilation error: Cannot allocate memory
E0416 00:36:29.565281  211402 execution_engine.cc:54] LLVM compilation error: Cannot allocate memory
E0416 00:36:29.565457  211356 execution_engine.cc:54] LLVM compilation error: Cannot allocate memory
E0416 00:36:29.565636  211443 execution_engine.cc:54] LLVM compilation error: Cannot allocate memory
E0416 00:36:29.565785  211513 execution_engine.cc:54] LLVM compilation error: Cannot allocate memory
E0416 00:36:29.565825  211344 execution_engine.cc:54] LLVM compilation error: Cannot allocate memory
E0416 00:36:29.565987  211652 execution_engine.cc:54] LLVM compilation error: Cannot allocate memory
E0416 00:36:29.566161  211465 execution_engine.cc:54] LLVM compilation error: Cannot allocate memory
E0416 00:36:29.566425  211391 execution_engine.cc:54] LLVM compilation error: Cannot allocate memory
E0416 00:36:29.566594  211567 execution_engine.cc:54] LLVM compilation error: Cannot allocate memory
E0416 00:36:29.567634  211640 execution_engine.cc:54] LLVM compilation error: Cannot allocate memory
E0416 00:36:29.567796  211420 execution_engine.cc:54] LLVM compilation error: Cannot allocate memory
E0416 00:36:29.568966  211382 execution_engine.cc:54] LLVM compilation error: Cannot allocate memory
E0416 00:36:29.569072  211429 execution_engine.cc:54] LLVM compilation error: Cannot allocate memory
E0416 00:36:29.569232  211316 execution_engine.cc:54] LLVM compilation error: Cannot allocate memory
E0416 00:36:29.569398  211618 execution_engine.cc:54] LLVM compilation error: Cannot allocate memory
E0416 00:36:29.569857  211607 execution_engine.cc:54] LLVM compilation error: Cannot allocate memory
E0416 00:36:29.569932  211489 execution_engine.cc:54] LLVM compilation error: Cannot allocate memory
E0416 00:36:29.570583  211322 execution_engine.cc:54] LLVM compilation error: Cannot allocate memory
E0416 00:36:29.571117  211534 execution_engine.cc:54] LLVM compilation error: Cannot allocate memory
E0416 00:36:29.571268  211523 execution_engine.cc:54] LLVM compilation error: Cannot allocate memory
E0416 00:36:29.571686  211628 execution_engine.cc:54] LLVM compilation error: Cannot allocate memory
E0416 00:36:29.572276  211595 execution_engine.cc:54] LLVM compilation error: Cannot allocate memory
E0416 00:36:29.575433  211556 execution_engine.cc:54] LLVM compilation error: Cannot allocate memory
E0416 00:36:29.575738  211586 execution_engine.cc:54] LLVM compilation error: Cannot allocate memory
E0416 00:36:29.577887  211454 execution_engine.cc:54] LLVM compilation error: Cannot allocate memory
E0416 00:36:29.584601  211477 execution_engine.cc:54] LLVM compilation error: Cannot allocate memory
E0416 00:36:29.586398  211503 execution_engine.cc:54] LLVM compilation error: Cannot allocate memory
E0416 00:36:29.850376  204475 execution_engine.cc:54] LLVM compilation error: Cannot allocate memory
E0416 00:36:29.850565  204475 execution_engine.cc:54] LLVM compilation error: Cannot allocate memory
E0416 00:36:29.850646  204475 execution_engine.cc:54] LLVM compilation error: Cannot allocate memory
E0416 00:36:29.850714  204475 execution_engine.cc:54] LLVM compilation error: Cannot allocate memory
E0416 00:36:29.850779  204475 execution_engine.cc:54] LLVM compilation error: Cannot allocate memory
E0416 00:36:29.850844  204475 execution_engine.cc:54] LLVM compilation error: Cannot allocate memory
E0416 00:36:29.850915  204475 execution_engine.cc:54] LLVM compilation error: Cannot allocate memory
E0416 00:36:29.850984  204475 execution_engine.cc:54] LLVM compilation error: Cannot allocate memory
E0416 00:36:29.851054  204475 execution_engine.cc:54] LLVM compilation error: Cannot allocate memory
E0416 00:36:29.851126  204475 execution_engine.cc:54] LLVM compilation error: Cannot allocate memory
E0416 00:36:29.851187  204475 execution_engine.cc:54] LLVM compilation error: Cannot allocate memory
E0416 00:36:29.851252  204475 execution_engine.cc:54] LLVM compilation error: Cannot allocate memory
E0416 00:36:29.851327  204475 execution_engine.cc:54] LLVM compilation error: Cannot allocate memory
E0416 00:36:29.851417  204475 execution_engine.cc:54] LLVM compilation error: Cannot allocate memory
E0416 00:36:29.851485  204475 execution_engine.cc:54] LLVM compilation error: Cannot allocate memory
E0416 00:36:29.851570  204475 execution_engine.cc:54] LLVM compilation error: Cannot allocate memory
E0416 00:36:29.851658  204475 execution_engine.cc:54] LLVM compilation error: Cannot allocate memory
E0416 00:36:29.851722  204475 execution_engine.cc:54] LLVM compilation error: Cannot allocate memory
E0416 00:36:29.851783  204475 execution_engine.cc:54] LLVM compilation error: Cannot allocate memory
E0416 00:36:29.851843  204475 execution_engine.cc:54] LLVM compilation error: Cannot allocate memory
E0416 00:36:29.851901  204475 execution_engine.cc:54] LLVM compilation error: Cannot allocate memory
E0416 00:36:29.851961  204475 execution_engine.cc:54] LLVM compilation error: Cannot allocate memory
E0416 00:36:29.852022  204475 execution_engine.cc:54] LLVM compilation error: Cannot allocate memory
E0416 00:36:29.852082  204475 execution_engine.cc:54] LLVM compilation error: Cannot allocate memory
E0416 00:36:29.852144  204475 execution_engine.cc:54] LLVM compilation error: Cannot allocate memory
E0416 00:36:29.852207  204475 execution_engine.cc:54] LLVM compilation error: Cannot allocate memory
E0416 00:36:29.852270  204475 execution_engine.cc:54] LLVM compilation error: Cannot allocate memory
E0416 00:36:29.852333  204475 execution_engine.cc:54] LLVM compilation error: Cannot allocate memory
E0416 00:36:30.008563  211556 execution_engine.cc:54] LLVM compilation error: Cannot allocate memory
E0416 00:36:30.008773  211567 execution_engine.cc:54] LLVM compilation error: Cannot allocate memory
E0416 00:36:30.008836  211618 execution_engine.cc:54] LLVM compilation error: Cannot allocate memory
E0416 00:36:30.008962  211607 execution_engine.cc:54] LLVM compilation error: Cannot allocate memory
E0416 00:36:30.009107  211382 execution_engine.cc:54] LLVM compilation error: Cannot allocate memory
E0416 00:36:30.009133  211316 execution_engine.cc:54] LLVM compilation error: Cannot allocate memory
E0416 00:36:30.009524  211628 execution_engine.cc:54] LLVM compilation error: Cannot allocate memory
E0416 00:36:30.010086  211534 execution_engine.cc:54] LLVM compilation error: Cannot allocate memory
E0416 00:36:30.010596  211372 execution_engine.cc:54] LLVM compilation error: Cannot allocate memory
E0416 00:36:30.010854  211663 execution_engine.cc:54] LLVM compilation error: Cannot allocate memory
E0416 00:36:30.011169  211356 execution_engine.cc:54] LLVM compilation error: Cannot allocate memory
E0416 00:36:30.011263  211391 execution_engine.cc:54] LLVM compilation error: Cannot allocate memory
E0416 00:36:30.012145  211545 execution_engine.cc:54] LLVM compilation error: Cannot allocate memory
E0416 00:36:30.012224  211402 execution_engine.cc:54] LLVM compilation error: Cannot allocate memory
E0416 00:36:30.013238  211465 execution_engine.cc:54] LLVM compilation error: Cannot allocate memory
E0416 00:36:30.013402  211344 execution_engine.cc:54] LLVM compilation error: Cannot allocate memory
E0416 00:36:30.013558  211577 execution_engine.cc:54] LLVM compilation error: Cannot allocate memory
E0416 00:36:30.013587  211477 execution_engine.cc:54] LLVM compilation error: Cannot allocate memory
E0416 00:36:30.014198  211333 execution_engine.cc:54] LLVM compilation error: Cannot allocate memory
E0416 00:36:30.015333  211640 execution_engine.cc:54] LLVM compilation error: Cannot allocate memory
E0416 00:36:30.015582  211523 execution_engine.cc:54] LLVM compilation error: Cannot allocate memory
E0416 00:36:30.016110  211503 execution_engine.cc:54] LLVM compilation error: Cannot allocate memory
E0416 00:36:30.017535  211586 execution_engine.cc:54] LLVM compilation error: Cannot allocate memory
E0416 00:36:30.017651  211454 execution_engine.cc:54] LLVM compilation error: Cannot allocate memory
E0416 00:36:30.020025  211652 execution_engine.cc:54] LLVM compilation error: Cannot allocate memory
E0416 00:36:30.022240  211429 execution_engine.cc:54] LLVM compilation error: Cannot allocate memory
E0416 00:36:30.022967  211513 execution_engine.cc:54] LLVM compilation error: Cannot allocate memory
E0416 00:36:30.026770  211420 execution_engine.cc:54] LLVM compilation error: Cannot allocate memory
E0416 00:36:30.928381  204475 execution_engine.cc:54] LLVM compilation error: Cannot allocate memory
E0416 00:36:30.928642  204475 execution_engine.cc:54] LLVM compilation error: Cannot allocate memory
E0416 00:36:30.928758  204475 execution_engine.cc:54] LLVM compilation error: Cannot allocate memory
E0416 00:36:30.928845  204475 execution_engine.cc:54] LLVM compilation error: Cannot allocate memory
E0416 00:36:30.928949  204475 execution_engine.cc:54] LLVM compilation error: Cannot allocate memory
E0416 00:36:30.929032  204475 execution_engine.cc:54] LLVM compilation error: Cannot allocate memory
E0416 00:36:30.929115  204475 execution_engine.cc:54] LLVM compilation error: Cannot allocate memory
E0416 00:36:30.929211  204475 execution_engine.cc:54] LLVM compilation error: Cannot allocate memory
E0416 00:36:30.929311  204475 execution_engine.cc:54] LLVM compilation error: Cannot allocate memory
E0416 00:36:30.929413  204475 execution_engine.cc:54] LLVM compilation error: Cannot allocate memory
E0416 00:36:30.929475  204475 execution_engine.cc:54] LLVM compilation error: Cannot allocate memory
E0416 00:36:30.929555  204475 execution_engine.cc:54] LLVM compilation error: Cannot allocate memory
E0416 00:36:30.929621  204475 execution_engine.cc:54] LLVM compilation error: Cannot allocate memory
E0416 00:36:30.929697  204475 execution_engine.cc:54] LLVM compilation error: Cannot allocate memory
E0416 00:36:30.929775  204475 execution_engine.cc:54] LLVM compilation error: Cannot allocate memory
E0416 00:36:30.929872  204475 execution_engine.cc:54] LLVM compilation error: Cannot allocate memory
E0416 00:36:30.929958  204475 execution_engine.cc:54] LLVM compilation error: Cannot allocate memory
E0416 00:36:30.930021  204475 execution_engine.cc:54] LLVM compilation error: Cannot allocate memory
E0416 00:36:30.930080  204475 execution_engine.cc:54] LLVM compilation error: Cannot allocate memory
E0416 00:36:30.930138  204475 execution_engine.cc:54] LLVM compilation error: Cannot allocate memory
E0416 00:36:30.930196  204475 execution_engine.cc:54] LLVM compilation error: Cannot allocate memory
E0416 00:36:30.930254  204475 execution_engine.cc:54] LLVM compilation error: Cannot allocate memory
E0416 00:36:30.930312  204475 execution_engine.cc:54] LLVM compilation error: Cannot allocate memory
E0416 00:36:30.930369  204475 execution_engine.cc:54] LLVM compilation error: Cannot allocate memory
E0416 00:36:30.930426  204475 execution_engine.cc:54] LLVM compilation error: Cannot allocate memory
E0416 00:36:30.930488  204475 execution_engine.cc:54] LLVM compilation error: Cannot allocate memory
E0416 00:36:30.930574  204475 execution_engine.cc:54] LLVM compilation error: Cannot allocate memory
E0416 00:36:30.930639  204475 execution_engine.cc:54] LLVM compilation error: Cannot allocate memory
E0416 00:36:31.087490  211577 execution_engine.cc:54] LLVM compilation error: Cannot allocate memory
E0416 00:36:31.087557  211316 execution_engine.cc:54] LLVM compilation error: Cannot allocate memory
E0416 00:36:31.087791  211356 execution_engine.cc:54] LLVM compilation error: Cannot allocate memory
E0416 00:36:31.087956  211607 execution_engine.cc:54] LLVM compilation error: Cannot allocate memory
E0416 00:36:31.088135  211372 execution_engine.cc:54] LLVM compilation error: Cannot allocate memory
E0416 00:36:31.088157  211545 execution_engine.cc:54] LLVM compilation error: Cannot allocate memory
E0416 00:36:31.088242  211556 contiguous_section_memory_manager.cc:101] allocateMappedMemory failed with error: Cannot allocate memory
E0416 00:36:31.088421  211556 contiguous_section_memory_manager.cc:139] Failed to satisfy suballocation request for 380
LLVM ERROR: Unable to allocate section memory!
E0416 00:36:31.088433  211322 execution_engine.cc:54] LLVM compilation error: Cannot allocate memory
E0416 00:36:31.088540  211663 execution_engine.cc:54] LLVM compilation error: Cannot allocate memory
